<?xml version="1.0" encoding="UTF-8" ?>
<testsuites name="vitest tests" tests="2110" failures="0" errors="0" time="79.965">
    <testsuite name="src/__tests__/active-agents.service.test.ts" timestamp="2026-03-15T00:13:39.613Z" hostname="todd.local" tests="13" failures="0" errors="0" skipped="0" time="0.004927417">
        <testcase classname="src/__tests__/active-agents.service.test.ts" name="ActiveAgentsService &gt; register &gt; adds an agent to the registry" time="0.001816875">
        </testcase>
        <testcase classname="src/__tests__/active-agents.service.test.ts" name="ActiveAgentsService &gt; register &gt; includes name when provided" time="0.000152959">
        </testcase>
        <testcase classname="src/__tests__/active-agents.service.test.ts" name="ActiveAgentsService &gt; register &gt; includes branchName when provided" time="0.000106458">
        </testcase>
        <testcase classname="src/__tests__/active-agents.service.test.ts" name="ActiveAgentsService &gt; register &gt; includes feedbackId when Analyst is categorizing feedback" time="0.0001105">
        </testcase>
        <testcase classname="src/__tests__/active-agents.service.test.ts" name="ActiveAgentsService &gt; register &gt; overwrites existing agent with same id" time="0.000161375">
        </testcase>
        <testcase classname="src/__tests__/active-agents.service.test.ts" name="ActiveAgentsService &gt; unregister &gt; removes an agent by id" time="0.000121875">
        </testcase>
        <testcase classname="src/__tests__/active-agents.service.test.ts" name="ActiveAgentsService &gt; unregister &gt; is safe to call when agent was never registered" time="0.000414083">
        </testcase>
        <testcase classname="src/__tests__/active-agents.service.test.ts" name="ActiveAgentsService &gt; unregister &gt; does not affect other agents" time="0.000178833">
        </testcase>
        <testcase classname="src/__tests__/active-agents.service.test.ts" name="ActiveAgentsService &gt; list &gt; returns empty array when no agents registered" time="0.000134292">
        </testcase>
        <testcase classname="src/__tests__/active-agents.service.test.ts" name="ActiveAgentsService &gt; list &gt; returns all agents when no projectId filter" time="0.000113334">
        </testcase>
        <testcase classname="src/__tests__/active-agents.service.test.ts" name="ActiveAgentsService &gt; list &gt; filters by projectId when provided" time="0.000314083">
        </testcase>
        <testcase classname="src/__tests__/active-agents.service.test.ts" name="ActiveAgentsService &gt; list &gt; returns empty array for non-existent projectId" time="0.000095416">
        </testcase>
        <testcase classname="src/__tests__/active-agents.service.test.ts" name="ActiveAgentsService &gt; list &gt; omits projectId from response (API compatibility)" time="0.000376542">
        </testcase>
    </testsuite>
    <testsuite name="src/__tests__/agent-client.test.ts" timestamp="2026-03-15T00:13:39.614Z" hostname="todd.local" tests="49" failures="0" errors="0" skipped="0" time="2.25321475">
        <testcase classname="src/__tests__/agent-client.test.ts" name="AgentClient &gt; invoke &gt; should route claude config to Claude CLI via spawn (not exec)" time="0.005071">
        </testcase>
        <testcase classname="src/__tests__/agent-client.test.ts" name="AgentClient &gt; invoke &gt; should route claude config without model" time="0.001867292">
        </testcase>
        <testcase classname="src/__tests__/agent-client.test.ts" name="AgentClient &gt; invoke &gt; cursor config routing (no projectId; test placeholder CURSOR_API_KEY) &gt; should route cursor config to Cursor CLI" time="0.002471667">
        </testcase>
        <testcase classname="src/__tests__/agent-client.test.ts" name="AgentClient &gt; invoke &gt; cursor config routing (no projectId; test placeholder CURSOR_API_KEY) &gt; should route cursor config through cmd.exe on Windows" time="0.002236583">
        </testcase>
        <testcase classname="src/__tests__/agent-client.test.ts" name="AgentClient &gt; invoke &gt; cursor config routing (no projectId; test placeholder CURSOR_API_KEY) &gt; should map cursor null model to explicit auto" time="0.001908792">
        </testcase>
        <testcase classname="src/__tests__/agent-client.test.ts" name="AgentClient &gt; invoke &gt; cursor config routing (no projectId; test placeholder CURSOR_API_KEY) &gt; fails fast on Windows when Cursor prompt exceeds cmd.exe length limits" time="0.00256075">
        </testcase>
        <testcase classname="src/__tests__/agent-client.test.ts" name="AgentClient &gt; invoke &gt; cursor config routing (no projectId; test placeholder CURSOR_API_KEY) &gt; treats stderr-only Cursor exits as failures instead of empty responses" time="0.00232825">
        </testcase>
        <testcase classname="src/__tests__/agent-client.test.ts" name="AgentClient &gt; invoke &gt; should use ApiKeyResolver when projectId provided for cursor" time="0.002066334">
        </testcase>
        <testcase classname="src/__tests__/agent-client.test.ts" name="AgentClient &gt; invoke &gt; should recordLimitHit and retry on limit error when projectId provided" time="0.002449916">
        </testcase>
        <testcase classname="src/__tests__/agent-client.test.ts" name="AgentClient &gt; invoke &gt; should route openai config to OpenAI API" time="0.000750166">
        </testcase>
        <testcase classname="src/__tests__/agent-client.test.ts" name="AgentClient &gt; invoke &gt; should route codex OpenAI models to the Responses API" time="0.000317">
        </testcase>
        <testcase classname="src/__tests__/agent-client.test.ts" name="AgentClient &gt; invoke &gt; should use ApiKeyResolver when projectId provided for openai" time="0.000212458">
        </testcase>
        <testcase classname="src/__tests__/agent-client.test.ts" name="AgentClient &gt; invoke &gt; should recordLimitHit and retry on limit error for openai" time="0.000309208">
        </testcase>
        <testcase classname="src/__tests__/agent-client.test.ts" name="AgentClient &gt; invoke &gt; should route google config to Gemini API" time="0.000607291">
        </testcase>
        <testcase classname="src/__tests__/agent-client.test.ts" name="AgentClient &gt; invoke &gt; should use safeGeminiText when Gemini response has no text (blocked)" time="0.000217292">
        </testcase>
        <testcase classname="src/__tests__/agent-client.test.ts" name="AgentClient &gt; invoke &gt; should route custom config to Custom CLI" time="0.000235292">
        </testcase>
        <testcase classname="src/__tests__/agent-client.test.ts" name="AgentClient &gt; invoke &gt; should throw for custom agent when cliCommand is missing" time="0.000194125">
        </testcase>
        <testcase classname="src/__tests__/agent-client.test.ts" name="AgentClient &gt; invoke &gt; should throw for unsupported agent type" time="0.000155833">
        </testcase>
        <testcase classname="src/__tests__/agent-client.test.ts" name="AgentClient &gt; invoke &gt; should route lmstudio config to LM Studio API with default baseURL and model" time="0.000438875">
        </testcase>
        <testcase classname="src/__tests__/agent-client.test.ts" name="AgentClient &gt; invoke &gt; should route lmstudio config with custom baseUrl and model" time="0.000262125">
        </testcase>
        <testcase classname="src/__tests__/agent-client.test.ts" name="AgentClient &gt; invoke &gt; should throw user-facing message when LM Studio is unreachable" time="0.000340667">
        </testcase>
        <testcase classname="src/__tests__/agent-client.test.ts" name="AgentClient &gt; invoke &gt; should throw user-facing message when LM Studio returns generic Connection error" time="0.000166583">
        </testcase>
        <testcase classname="src/__tests__/agent-client.test.ts" name="AgentClient &gt; invoke &gt; should stream LM Studio response when onChunk is provided" time="0.000352875">
        </testcase>
        <testcase classname="src/__tests__/agent-client.test.ts" name="AgentClient &gt; spawnWithTaskFile &gt; should spawn Claude CLI with --print prompt content (no --task-file)" time="0.004212625">
        </testcase>
        <testcase classname="src/__tests__/agent-client.test.ts" name="AgentClient &gt; spawnWithTaskFile &gt; should spawn Cursor agent with task content and workspace" time="0.002918666">
        </testcase>
        <testcase classname="src/__tests__/agent-client.test.ts" name="AgentClient &gt; spawnWithTaskFile &gt; should spawn Cursor task-file command through cmd.exe on Windows" time="0.002721375">
        </testcase>
        <testcase classname="src/__tests__/agent-client.test.ts" name="AgentClient &gt; spawnWithTaskFile &gt; emits Windows-compatible install instructions when Cursor CLI not found (ENOENT)" time="0.002306416">
        </testcase>
        <testcase classname="src/__tests__/agent-client.test.ts" name="AgentClient &gt; spawnWithTaskFile &gt; should pass --model auto for Cursor task-file spawn when model is null" time="0.003268958">
        </testcase>
        <testcase classname="src/__tests__/agent-client.test.ts" name="AgentClient &gt; spawnWithTaskFile &gt; should spawn custom agent with cliCommand and task file path" time="0.000546041">
        </testcase>
        <testcase classname="src/__tests__/agent-client.test.ts" name="AgentClient &gt; spawnWithTaskFile &gt; should throw for custom agent when cliCommand is missing" time="0.000212708">
        </testcase>
        <testcase classname="src/__tests__/agent-client.test.ts" name="AgentClient &gt; spawnWithTaskFile &gt; should run OpenAI in-process for spawnWithTaskFile (no subprocess)" time="0.053734875">
        </testcase>
        <testcase classname="src/__tests__/agent-client.test.ts" name="AgentClient &gt; spawnWithTaskFile &gt; rotates to next OpenAI key when first key is invalid in spawnWithTaskFile" time="0.054123458">
        </testcase>
        <testcase classname="src/__tests__/agent-client.test.ts" name="AgentClient &gt; spawnWithTaskFile &gt; does not rotate OpenAI keys when connectivity check indicates offline" time="0.05528725">
        </testcase>
        <testcase classname="src/__tests__/agent-client.test.ts" name="AgentClient &gt; spawnWithTaskFile &gt; should run Google Gemini in-process for spawnWithTaskFile (no subprocess)" time="0.056111334">
        </testcase>
        <testcase classname="src/__tests__/agent-client.test.ts" name="AgentClient &gt; spawnWithTaskFile &gt; should run Claude API in-process for spawnWithTaskFile (no subprocess, no --task-file)" time="0.055712166">
        </testcase>
        <testcase classname="src/__tests__/agent-client.test.ts" name="AgentClient &gt; spawnWithTaskFile &gt; should run LM Studio in-process for spawnWithTaskFile (no subprocess, no API key)" time="0.056447916">
        </testcase>
        <testcase classname="src/__tests__/agent-client.test.ts" name="AgentClient &gt; spawnWithTaskFile &gt; should run codex OpenAI models in-process via the Responses API" time="0.056725917">
        </testcase>
        <testcase classname="src/__tests__/agent-client.test.ts" name="AgentClient &gt; spawnWithTaskFile &gt; should use outputLogPath and pass file fd to spawn for streaming to file" time="0.004713209">
        </testcase>
        <testcase classname="src/__tests__/agent-client.test.ts" name="AgentClient &gt; spawnWithTaskFile &gt; does not recordLimitHit when detached output only mentions rate limits in normal text" time="0.056350709">
        </testcase>
        <testcase classname="src/__tests__/agent-client.test.ts" name="AgentClient &gt; spawnWithTaskFile &gt; does not recordLimitHit for S-prefixed plain text discussing rate limits" time="0.056179833">
        </testcase>
        <testcase classname="src/__tests__/agent-client.test.ts" name="AgentClient &gt; spawnWithTaskFile &gt; does not mark Cursor key invalid for generic Error-prefixed text in detached output" time="0.055222125">
        </testcase>
        <testcase classname="src/__tests__/agent-client.test.ts" name="AgentClient &gt; spawnWithTaskFile &gt; does not mark Cursor key invalid for login/keychain auth errors" time="0.056177916">
        </testcase>
        <testcase classname="src/__tests__/agent-client.test.ts" name="AgentClient &gt; spawnWithTaskFile &gt; does not rotate Cursor keys when detached API auth error occurs while offline" time="0.056542708">
        </testcase>
        <testcase classname="src/__tests__/agent-client.test.ts" name="AgentClient &gt; spawnWithTaskFile &gt; records limit hits for detached Cursor usage-limit messages emitted as plain text" time="0.065827458">
        </testcase>
        <testcase classname="src/__tests__/agent-client.test.ts" name="AgentClient &gt; spawnWithTaskFile &gt; retries transient Cursor startup failures and succeeds without key rotation" time="0.678187875">
        </testcase>
        <testcase classname="src/__tests__/agent-client.test.ts" name="AgentClient &gt; spawnWithTaskFile &gt; falls back to model auto when Cursor slow-pool capacity error is returned" time="0.055196333">
        </testcase>
        <testcase classname="src/__tests__/agent-client.test.ts" name="AgentClient &gt; spawnWithTaskFile &gt; polls result.json next to the general prompt path" time="0.366863833">
        </testcase>
        <testcase classname="src/__tests__/agent-client.test.ts" name="AgentClient &gt; spawnWithTaskFile &gt; polls angle result.json from prompt directory and ignores stale inferred paths" time="0.3617785">
        </testcase>
        <testcase classname="src/__tests__/agent-client.test.ts" name="AgentClient &gt; spawnWithTaskFile &gt; should return kill that terminates process with process group" time="0.006993666">
        </testcase>
    </testsuite>
    <testsuite name="src/__tests__/agent-config.test.ts" timestamp="2026-03-15T00:13:39.617Z" hostname="todd.local" tests="12" failures="0" errors="0" skipped="0" time="0.005897542">
        <testcase classname="src/__tests__/agent-config.test.ts" name="agent-config schema &gt; parseAgentConfig &gt; should accept valid simpleComplexityAgent config" time="0.001980833">
        </testcase>
        <testcase classname="src/__tests__/agent-config.test.ts" name="agent-config schema &gt; parseAgentConfig &gt; should accept valid complexComplexityAgent config" time="0.000236833">
        </testcase>
        <testcase classname="src/__tests__/agent-config.test.ts" name="agent-config schema &gt; parseAgentConfig &gt; should accept openai agent type" time="0.000130708">
        </testcase>
        <testcase classname="src/__tests__/agent-config.test.ts" name="agent-config schema &gt; parseAgentConfig &gt; should accept google agent type" time="0.000217875">
        </testcase>
        <testcase classname="src/__tests__/agent-config.test.ts" name="agent-config schema &gt; parseAgentConfig &gt; should reject invalid type" time="0.000695625">
        </testcase>
        <testcase classname="src/__tests__/agent-config.test.ts" name="agent-config schema &gt; parseAgentConfig &gt; should reject invalid model type" time="0.0002495">
        </testcase>
        <testcase classname="src/__tests__/agent-config.test.ts" name="agent-config schema &gt; parseAgentConfig &gt; should accept lmstudio agent type with baseUrl" time="0.000184709">
        </testcase>
        <testcase classname="src/__tests__/agent-config.test.ts" name="agent-config schema &gt; parseAgentConfig &gt; should accept lmstudio without baseUrl (optional)" time="0.000135708">
        </testcase>
        <testcase classname="src/__tests__/agent-config.test.ts" name="agent-config schema &gt; parseAgentConfig &gt; should normalize baseUrl trailing slash" time="0.000299666">
        </testcase>
        <testcase classname="src/__tests__/agent-config.test.ts" name="agent-config schema &gt; parseAgentConfig &gt; should reject non-http(s) baseUrl with clear message" time="0.000395791">
        </testcase>
        <testcase classname="src/__tests__/agent-config.test.ts" name="agent-config schema &gt; parseAgentConfig &gt; should reject invalid baseUrl (non-URL string)" time="0.000213625">
        </testcase>
        <testcase classname="src/__tests__/agent-config.test.ts" name="agent-config schema &gt; parseAgentConfig &gt; should reject empty baseUrl when type is lmstudio with clear message" time="0.000259458">
        </testcase>
    </testsuite>
    <testsuite name="src/__tests__/agent-identity.service.test.ts" timestamp="2026-03-15T00:13:39.617Z" hostname="todd.local" tests="10" failures="0" errors="0" skipped="0" time="2.566844167">
        <testcase classname="src/__tests__/agent-identity.service.test.ts" name="AgentIdentityService &gt; should record and retrieve attempt records" time="0.030264417">
        </testcase>
        <testcase classname="src/__tests__/agent-identity.service.test.ts" name="AgentIdentityService &gt; should persist stats to DB" time="0.00396625">
        </testcase>
        <testcase classname="src/__tests__/agent-identity.service.test.ts" name="AgentIdentityService &gt; should load stats from DB (survives restart)" time="0.005572458">
        </testcase>
        <testcase classname="src/__tests__/agent-identity.service.test.ts" name="AgentIdentityService &gt; should build agent profile with aggregated stats" time="0.008932333">
        </testcase>
        <testcase classname="src/__tests__/agent-identity.service.test.ts" name="AgentIdentityService &gt; should cap stored records at 500" time="2.508312708">
        </testcase>
        <testcase classname="src/__tests__/agent-identity.service.test.ts" name="AgentIdentityService &gt; selectAgentForRetry &gt; should use base config for first 2 attempts" time="0.001266209">
        </testcase>
        <testcase classname="src/__tests__/agent-identity.service.test.ts" name="AgentIdentityService &gt; selectAgentForRetry &gt; should escalate model on 3+ consecutive same-type failures" time="0.002405959">
        </testcase>
        <testcase classname="src/__tests__/agent-identity.service.test.ts" name="AgentIdentityService &gt; selectAgentForRetry &gt; should not escalate when failure types differ" time="0.001126459">
        </testcase>
        <testcase classname="src/__tests__/agent-identity.service.test.ts" name="AgentIdentityService &gt; selectAgentForRetry &gt; retry with high complexity uses complexComplexityAgent as the base config" time="0.001455875">
        </testcase>
        <testcase classname="src/__tests__/agent-identity.service.test.ts" name="AgentIdentityService &gt; selectAgentForRetry &gt; retry with low complexity uses simpleComplexityAgent as the base config" time="0.002347125">
        </testcase>
    </testsuite>
    <testsuite name="src/__tests__/agent-instructions.service.test.ts" timestamp="2026-03-15T00:13:39.618Z" hostname="todd.local" tests="8" failures="0" errors="0" skipped="0" time="0.035310458">
        <testcase classname="src/__tests__/agent-instructions.service.test.ts" name="getCombinedInstructions &gt; returns general content only when AGENTS.md exists and role file is missing" time="0.006126875">
        </testcase>
        <testcase classname="src/__tests__/agent-instructions.service.test.ts" name="getCombinedInstructions &gt; returns general + role content when both exist" time="0.00448725">
        </testcase>
        <testcase classname="src/__tests__/agent-instructions.service.test.ts" name="getCombinedInstructions &gt; returns general content only when role file is empty" time="0.00612075">
        </testcase>
        <testcase classname="src/__tests__/agent-instructions.service.test.ts" name="getCombinedInstructions &gt; returns general content only when role file has only whitespace" time="0.003850458">
        </testcase>
        <testcase classname="src/__tests__/agent-instructions.service.test.ts" name="getCombinedInstructions &gt; returns header + empty general when AGENTS.md is missing and role file is missing" time="0.000742917">
        </testcase>
        <testcase classname="src/__tests__/agent-instructions.service.test.ts" name="getCombinedInstructions &gt; returns header + role content when AGENTS.md is missing but role file exists" time="0.002182042">
        </testcase>
        <testcase classname="src/__tests__/agent-instructions.service.test.ts" name="getCombinedInstructions &gt; works for all valid roles in AGENT_ROLE_CANONICAL_ORDER" time="0.009540334">
        </testcase>
        <testcase classname="src/__tests__/agent-instructions.service.test.ts" name="getCombinedInstructions &gt; throws for invalid role" time="0.001556166">
        </testcase>
    </testsuite>
    <testsuite name="src/__tests__/agent-lifecycle.test.ts" timestamp="2026-03-15T00:13:39.618Z" hostname="todd.local" tests="16" failures="0" errors="0" skipped="0" time="3.563675833">
        <testcase classname="src/__tests__/agent-lifecycle.test.ts" name="AgentLifecycleManager &gt; run &gt; spawns coder agent and initializes run state" time="0.003437083">
        </testcase>
        <testcase classname="src/__tests__/agent-lifecycle.test.ts" name="AgentLifecycleManager &gt; run &gt; spawns reviewer agent when role is reviewer" time="0.000232666">
        </testcase>
        <testcase classname="src/__tests__/agent-lifecycle.test.ts" name="AgentLifecycleManager &gt; run &gt; preserves startedAt when already set (e.g. by phase-executor before spawn)" time="0.00024825">
        </testcase>
        <testcase classname="src/__tests__/agent-lifecycle.test.ts" name="AgentLifecycleManager &gt; run &gt; invokes onDone and cleans up when agent exits via onExit" time="0.0005205">
        </testcase>
        <testcase classname="src/__tests__/agent-lifecycle.test.ts" name="AgentLifecycleManager &gt; run &gt; appends output chunks to runState.outputLog" time="0.000416375">
        </testcase>
        <testcase classname="src/__tests__/agent-lifecycle.test.ts" name="AgentLifecycleManager &gt; run &gt; does not call onDone twice when onExit is invoked multiple times" time="0.000194667">
        </testcase>
        <testcase classname="src/__tests__/agent-lifecycle.test.ts" name="AgentLifecycleManager &gt; run &gt; finalizes the run when terminal result.json appears even if the agent never exits" time="0.056543375">
        </testcase>
        <testcase classname="src/__tests__/agent-lifecycle.test.ts" name="AgentLifecycleManager &gt; run &gt; does not timeout while a shell tool call is still active" time="0.432440958">
        </testcase>
        <testcase classname="src/__tests__/agent-lifecycle.test.ts" name="AgentLifecycleManager &gt; run &gt; suspends when a shell tool call stays silent past the extended window" time="0.49561025">
        </testcase>
        <testcase classname="src/__tests__/agent-lifecycle.test.ts" name="AgentLifecycleManager &gt; run &gt; kills after the suspend grace expires" time="2.16742225">
        </testcase>
        <testcase classname="src/__tests__/agent-lifecycle.test.ts" name="AgentLifecycleManager &gt; run &gt; resumes from suspended when new output arrives" time="0.392682792">
        </testcase>
        <testcase classname="src/__tests__/agent-lifecycle.test.ts" name="AgentLifecycleManager &gt; run &gt; records tool wait activity for diagnostics when a tool call starts and completes" time="0.000698458">
        </testcase>
        <testcase classname="src/__tests__/agent-lifecycle.test.ts" name="AgentLifecycleManager &gt; resumeMonitoring &gt; starts output tail and sets outputTailStop so live output streams after GUPP recovery" time="0.000903541">
        </testcase>
        <testcase classname="src/__tests__/agent-lifecycle.test.ts" name="AgentLifecycleManager &gt; resumeMonitoring &gt; outputTailStop clears the tail timer" time="0.000493917">
        </testcase>
        <testcase classname="src/__tests__/agent-lifecycle.test.ts" name="AgentLifecycleManager &gt; resumeMonitoring &gt; wrapped onDone stops tail and then calls original onDone" time="0.003072458">
        </testcase>
        <testcase classname="src/__tests__/agent-lifecycle.test.ts" name="AgentLifecycleManager &gt; resumeMonitoring &gt; finalizes recovered runs from terminal result.json even if the process stays alive" time="0.007749083">
        </testcase>
    </testsuite>
    <testsuite name="src/__tests__/agent-process-registry.test.ts" timestamp="2026-03-15T00:13:39.619Z" hostname="todd.local" tests="4" failures="0" errors="0" skipped="0" time="0.00335625">
        <testcase classname="src/__tests__/agent-process-registry.test.ts" name="agent-process-registry &gt; should track and kill processes on killAllTrackedAgentProcesses" time="0.001505208">
        </testcase>
        <testcase classname="src/__tests__/agent-process-registry.test.ts" name="agent-process-registry &gt; should track process groups (stored as negative PID for kill -pgid)" time="0.000854125">
        </testcase>
        <testcase classname="src/__tests__/agent-process-registry.test.ts" name="agent-process-registry &gt; should clear registry after killAllTrackedAgentProcesses" time="0.000246333">
        </testcase>
        <testcase classname="src/__tests__/agent-process-registry.test.ts" name="agent-process-registry &gt; should unregister process so it is not killed" time="0.0001245">
        </testcase>
    </testsuite>
    <testsuite name="src/__tests__/agent.service.test.ts" timestamp="2026-03-15T00:13:39.620Z" hostname="todd.local" tests="25" failures="0" errors="0" skipped="0" time="0.027811125">
        <testcase classname="src/__tests__/agent.service.test.ts" name="AgentService &gt; invokeReviewAgent &gt; should invoke review agent with code reviewer role per PRD §12.3" time="0.002164959">
        </testcase>
        <testcase classname="src/__tests__/agent.service.test.ts" name="AgentService &gt; invokeReviewAgent &gt; should allow override of agentRole when provided" time="0.000716583">
        </testcase>
        <testcase classname="src/__tests__/agent.service.test.ts" name="AgentService &gt; agent_stats recording &gt; records planning invocations with tracking role into agent_stats" time="0.000891417">
        </testcase>
        <testcase classname="src/__tests__/agent.service.test.ts" name="AgentService &gt; agent_stats recording &gt; records planning invocations without tracking into agent_stats when role is provided" time="0.000267792">
        </testcase>
        <testcase classname="src/__tests__/agent.service.test.ts" name="AgentService &gt; agent_stats recording &gt; records merger runs via invokeCodingAgent role tracking" time="0.000299625">
        </testcase>
        <testcase classname="src/__tests__/agent.service.test.ts" name="AgentService &gt; agent_stats recording &gt; does not duplicate coder/reviewer task stats from invokeCodingAgent wrapper" time="0.000422375">
        </testcase>
        <testcase classname="src/__tests__/agent.service.test.ts" name="AgentService &gt; agent_stats recording &gt; records explicit synthetic agent runs into agent_stats" time="0.000216209">
        </testcase>
        <testcase classname="src/__tests__/agent.service.test.ts" name="AgentService &gt; createProcessGroupHandle &gt; sends SIGTERM to the detached process group and escalates to SIGKILL" time="0.001370334">
        </testcase>
        <testcase classname="src/__tests__/agent.service.test.ts" name="AgentService &gt; createProcessGroupHandle &gt; falls back to positive PID signals on Windows" time="0.000341875">
        </testcase>
        <testcase classname="src/__tests__/agent.service.test.ts" name="AgentService &gt; runMergerAgentAndWait &gt; includes destructive-command guardrails in merger prompts" time="0.0037175">
        </testcase>
        <testcase classname="src/__tests__/agent.service.test.ts" name="AgentService &gt; runMergerAgentAndWait &gt; returns true when merger agent exits with code 0" time="0.004081709">
        </testcase>
        <testcase classname="src/__tests__/agent.service.test.ts" name="AgentService &gt; runMergerAgentAndWait &gt; returns false when merger agent exits with non-zero code" time="0.001308708">
        </testcase>
        <testcase classname="src/__tests__/agent.service.test.ts" name="AgentService &gt; runMergerAgentAndWait &gt; uses baseBranch in merger prompt when provided" time="0.001174375">
        </testcase>
        <testcase classname="src/__tests__/agent.service.test.ts" name="AgentService &gt; runMergerAgentAndWait &gt; prepends combined agent instructions for merger role to the merger prompt" time="0.004118583">
        </testcase>
        <testcase classname="src/__tests__/agent.service.test.ts" name="AgentService &gt; invokePlanningAgent (Claude + ApiKeyResolver) &gt; uses getNextKey and clearLimitHit on success" time="0.000436167">
        </testcase>
        <testcase classname="src/__tests__/agent.service.test.ts" name="AgentService &gt; invokePlanningAgent (Claude + ApiKeyResolver) &gt; on limit error: recordLimitHit, retry with next key, succeeds on second key" time="0.000492125">
        </testcase>
        <testcase classname="src/__tests__/agent.service.test.ts" name="AgentService &gt; invokePlanningAgent (Claude + ApiKeyResolver) &gt; on limit error with env fallback: throws without retry" time="0.001447">
        </testcase>
        <testcase classname="src/__tests__/agent.service.test.ts" name="AgentService &gt; invokePlanningAgent (Claude + ApiKeyResolver) &gt; when no keys available: throws ANTHROPIC_API_KEY_MISSING" time="0.000543208">
        </testcase>
        <testcase classname="src/__tests__/agent.service.test.ts" name="AgentService &gt; invokePlanningAgent (Claude + ApiKeyResolver) &gt; streaming path: uses getNextKey and clearLimitHit on success" time="0.000354958">
        </testcase>
        <testcase classname="src/__tests__/agent.service.test.ts" name="AgentService &gt; invokePlanningAgent (OpenAI + ApiKeyResolver) &gt; uses getNextKey and clearLimitHit on success" time="0.000591375">
        </testcase>
        <testcase classname="src/__tests__/agent.service.test.ts" name="AgentService &gt; invokePlanningAgent (OpenAI + ApiKeyResolver) &gt; routes codex planning models through the Responses API" time="0.000636416">
        </testcase>
        <testcase classname="src/__tests__/agent.service.test.ts" name="AgentService &gt; invokePlanningAgent (OpenAI + ApiKeyResolver) &gt; on limit error: recordLimitHit, retry with next key, succeeds on second key" time="0.000264833">
        </testcase>
        <testcase classname="src/__tests__/agent.service.test.ts" name="AgentService &gt; invokePlanningAgent (OpenAI + ApiKeyResolver) &gt; when no keys available: throws OPENAI_API_ERROR" time="0.000177625">
        </testcase>
        <testcase classname="src/__tests__/agent.service.test.ts" name="AgentService &gt; invokePlanningAgent (OpenAI + ApiKeyResolver) &gt; streaming path: uses getNextKey and clearLimitHit on success" time="0.000263041">
        </testcase>
        <testcase classname="src/__tests__/agent.service.test.ts" name="AgentService &gt; invokePlanningAgent (OpenAI + ApiKeyResolver) &gt; streams codex planning models through the Responses API" time="0.000363958">
        </testcase>
    </testsuite>
    <testsuite name="src/__tests__/agents-route.test.ts" timestamp="2026-03-15T00:13:39.621Z" hostname="todd.local" tests="20" failures="0" errors="0" skipped="0" time="16.207599459">
        <testcase classname="src/__tests__/agents-route.test.ts" name="Agents API &gt; GET /projects/:projectId/agents/active &gt; should return empty array when no agent is running" time="1.015991709">
        </testcase>
        <testcase classname="src/__tests__/agents-route.test.ts" name="Agents API &gt; GET /projects/:projectId/agents/active &gt; should return 404 for non-existent project" time="0.969911167">
        </testcase>
        <testcase classname="src/__tests__/agents-route.test.ts" name="Agents API &gt; GET /projects/:projectId/agents/active &gt; should return active agents from central registry" time="1.049648708">
        </testcase>
        <testcase classname="src/__tests__/agents-route.test.ts" name="Agents API &gt; GET /projects/:projectId/agents/instructions &gt; should return content when AGENTS.md exists" time="0.901068208">
        </testcase>
        <testcase classname="src/__tests__/agents-route.test.ts" name="Agents API &gt; GET /projects/:projectId/agents/instructions &gt; should return empty content when AGENTS.md is missing" time="0.886245625">
        </testcase>
        <testcase classname="src/__tests__/agents-route.test.ts" name="Agents API &gt; GET /projects/:projectId/agents/instructions &gt; should return 404 for non-existent project" time="0.950957917">
        </testcase>
        <testcase classname="src/__tests__/agents-route.test.ts" name="Agents API &gt; PUT /projects/:projectId/agents/instructions &gt; should write content to AGENTS.md" time="0.892092">
        </testcase>
        <testcase classname="src/__tests__/agents-route.test.ts" name="Agents API &gt; PUT /projects/:projectId/agents/instructions &gt; should return 400 when content is missing" time="0.883659375">
        </testcase>
        <testcase classname="src/__tests__/agents-route.test.ts" name="Agents API &gt; PUT /projects/:projectId/agents/instructions &gt; should return 404 for non-existent project" time="0.947560583">
        </testcase>
        <testcase classname="src/__tests__/agents-route.test.ts" name="Agents API &gt; GET /projects/:projectId/agents/instructions/:role &gt; should return content when role instructions exist in DB" time="1.010261333">
        </testcase>
        <testcase classname="src/__tests__/agents-route.test.ts" name="Agents API &gt; GET /projects/:projectId/agents/instructions/:role &gt; should return migration-required when only legacy role file exists" time="0.947053167">
        </testcase>
        <testcase classname="src/__tests__/agents-route.test.ts" name="Agents API &gt; GET /projects/:projectId/agents/instructions/:role &gt; should return empty content when role file is missing" time="0.930436">
        </testcase>
        <testcase classname="src/__tests__/agents-route.test.ts" name="Agents API &gt; GET /projects/:projectId/agents/instructions/:role &gt; should return 400 for invalid role" time="0.929463375">
        </testcase>
        <testcase classname="src/__tests__/agents-route.test.ts" name="Agents API &gt; GET /projects/:projectId/agents/instructions/:role &gt; should return 404 for non-existent project" time="0.642124917">
        </testcase>
        <testcase classname="src/__tests__/agents-route.test.ts" name="Agents API &gt; PUT /projects/:projectId/agents/instructions/:role &gt; should write role instructions to DB" time="0.567752333">
        </testcase>
        <testcase classname="src/__tests__/agents-route.test.ts" name="Agents API &gt; PUT /projects/:projectId/agents/instructions/:role &gt; should return 400 when content is missing" time="0.541764584">
        </testcase>
        <testcase classname="src/__tests__/agents-route.test.ts" name="Agents API &gt; PUT /projects/:projectId/agents/instructions/:role &gt; should return 400 for invalid role" time="0.52716175">
        </testcase>
        <testcase classname="src/__tests__/agents-route.test.ts" name="Agents API &gt; PUT /projects/:projectId/agents/instructions/:role &gt; should return 404 for non-existent project" time="0.544839083">
        </testcase>
        <testcase classname="src/__tests__/agents-route.test.ts" name="Agents API &gt; POST /projects/:projectId/agents/:agentId/kill &gt; should return 404 when agent is not in slots (e.g. planning agent)" time="0.536916416">
        </testcase>
        <testcase classname="src/__tests__/agents-route.test.ts" name="Agents API &gt; POST /projects/:projectId/agents/:agentId/kill &gt; should return 404 for non-existent project" time="0.53147875">
        </testcase>
    </testsuite>
    <testsuite name="src/__tests__/api-error-notification.test.ts" timestamp="2026-03-15T00:13:39.622Z" hostname="todd.local" tests="3" failures="0" errors="0" skipped="0" time="0.108135833">
        <testcase classname="src/__tests__/api-error-notification.test.ts" name="apiErrorNotificationMiddleware &gt; creates and broadcasts an API-blocked notification for actionable agent errors" time="0.055176208">
        </testcase>
        <testcase classname="src/__tests__/api-error-notification.test.ts" name="apiErrorNotificationMiddleware &gt; passes through ignored errors without side effects" time="0.0004395">
        </testcase>
        <testcase classname="src/__tests__/api-error-notification.test.ts" name="apiErrorNotificationMiddleware &gt; prefers structured notificationMessage/details and recognizes GOOGLE_API_ERROR" time="0.051722125">
        </testcase>
    </testsuite>
    <testsuite name="src/__tests__/api-key-exhausted.test.ts" timestamp="2026-03-15T00:13:39.622Z" hostname="todd.local" tests="6" failures="0" errors="0" skipped="0" time="0.003055625">
        <testcase classname="src/__tests__/api-key-exhausted.test.ts" name="api-key-exhausted &gt; isExhausted returns false initially" time="0.000738542">
        </testcase>
        <testcase classname="src/__tests__/api-key-exhausted.test.ts" name="api-key-exhausted &gt; markExhausted sets exhausted state" time="0.000184625">
        </testcase>
        <testcase classname="src/__tests__/api-key-exhausted.test.ts" name="api-key-exhausted &gt; clearExhausted removes exhausted state" time="0.000114542">
        </testcase>
        <testcase classname="src/__tests__/api-key-exhausted.test.ts" name="api-key-exhausted &gt; exhausted state is per-project and per-provider" time="0.000131">
        </testcase>
        <testcase classname="src/__tests__/api-key-exhausted.test.ts" name="api-key-exhausted &gt; clearExhaustedForProviderAcrossAllProjects &gt; clears exhausted state for provider across all projects" time="0.000821292">
        </testcase>
        <testcase classname="src/__tests__/api-key-exhausted.test.ts" name="api-key-exhausted &gt; clearExhaustedForProviderAcrossAllProjects &gt; returns empty array when provider not exhausted in any project" time="0.000390166">
        </testcase>
    </testsuite>
    <testsuite name="src/__tests__/api-key-resolver.test.ts" timestamp="2026-03-15T00:13:39.623Z" hostname="todd.local" tests="28" failures="0" errors="0" skipped="0" time="0.159076">
        <testcase classname="src/__tests__/api-key-resolver.test.ts" name="ApiKeyResolver &gt; getNextKey — priority: global → env &gt; returns global store key with source &apos;global&apos; when available" time="0.006989042">
        </testcase>
        <testcase classname="src/__tests__/api-key-resolver.test.ts" name="ApiKeyResolver &gt; getNextKey — priority: global → env &gt; returns null when all global keys are rate-limited (no env fallback)" time="0.009200375">
        </testcase>
        <testcase classname="src/__tests__/api-key-resolver.test.ts" name="ApiKeyResolver &gt; getNextKey — priority: global → env &gt; returns null when all global keys are marked invalid (no env fallback)" time="0.003193875">
        </testcase>
        <testcase classname="src/__tests__/api-key-resolver.test.ts" name="ApiKeyResolver &gt; getNextKey — priority: global → env &gt; can include a recently rate-limited global key for read-only operations" time="0.00248425">
        </testcase>
        <testcase classname="src/__tests__/api-key-resolver.test.ts" name="ApiKeyResolver &gt; getNextKey — priority: global → env &gt; falls back to env when no global keys exist" time="0.002543">
        </testcase>
        <testcase classname="src/__tests__/api-key-resolver.test.ts" name="ApiKeyResolver &gt; getNextKey — priority: global → env &gt; does NOT fall back to env when global keys exist but are all rate-limited" time="0.003755">
        </testcase>
        <testcase classname="src/__tests__/api-key-resolver.test.ts" name="ApiKeyResolver &gt; getNextKey — priority: global → env &gt; returns null when nothing configured at all" time="0.000542417">
        </testcase>
        <testcase classname="src/__tests__/api-key-resolver.test.ts" name="ApiKeyResolver &gt; getNextKey — priority: global → env &gt; returns global key with expired limitHitAt (&gt;24h ago)" time="0.003293917">
        </testcase>
        <testcase classname="src/__tests__/api-key-resolver.test.ts" name="ApiKeyResolver &gt; getNextKey — priority: global → env &gt; skips keys with empty value in global store" time="0.003938708">
        </testcase>
        <testcase classname="src/__tests__/api-key-resolver.test.ts" name="ApiKeyResolver &gt; getNextKey — priority: global → env &gt; returns first available global key when second has limitHitAt within 24h" time="0.004938292">
        </testcase>
        <testcase classname="src/__tests__/api-key-resolver.test.ts" name="ApiKeyResolver &gt; getNextKey — priority: global → env &gt; ignores projectId (global-only; projectId kept for backward compatibility)" time="0.005482625">
        </testcase>
        <testcase classname="src/__tests__/api-key-resolver.test.ts" name="ApiKeyResolver &gt; recordLimitHit — global store only &gt; sets limitHitAt in global store when source is &apos;global&apos;" time="0.012887584">
        </testcase>
        <testcase classname="src/__tests__/api-key-resolver.test.ts" name="ApiKeyResolver &gt; recordLimitHit — global store only &gt; defaults to global store when source is omitted" time="0.008156">
        </testcase>
        <testcase classname="src/__tests__/api-key-resolver.test.ts" name="ApiKeyResolver &gt; recordLimitHit — global store only &gt; is no-op when keyId is ENV_FALLBACK_KEY_ID" time="0.003754667">
        </testcase>
        <testcase classname="src/__tests__/api-key-resolver.test.ts" name="ApiKeyResolver &gt; recordLimitHit — global store only &gt; is no-op when source is &apos;env&apos;" time="0.003363125">
        </testcase>
        <testcase classname="src/__tests__/api-key-resolver.test.ts" name="ApiKeyResolver &gt; recordLimitHit — global store only &gt; is no-op when keyId not found in global entries" time="0.011298333">
        </testcase>
        <testcase classname="src/__tests__/api-key-resolver.test.ts" name="ApiKeyResolver &gt; recordInvalidKey — global store only &gt; sets invalidAt and rotates to next key when source is global" time="0.022769458">
        </testcase>
        <testcase classname="src/__tests__/api-key-resolver.test.ts" name="ApiKeyResolver &gt; recordInvalidKey — global store only &gt; is no-op when source is env" time="0.000563458">
        </testcase>
        <testcase classname="src/__tests__/api-key-resolver.test.ts" name="ApiKeyResolver &gt; clearLimitHit — global store only &gt; clears limitHitAt in global store when source is &apos;global&apos;" time="0.004756833">
        </testcase>
        <testcase classname="src/__tests__/api-key-resolver.test.ts" name="ApiKeyResolver &gt; clearLimitHit — global store only &gt; also clears invalidAt for invalid-marked keys" time="0.00376125">
        </testcase>
        <testcase classname="src/__tests__/api-key-resolver.test.ts" name="ApiKeyResolver &gt; clearLimitHit — global store only &gt; defaults to global store when source is omitted" time="0.007194625">
        </testcase>
        <testcase classname="src/__tests__/api-key-resolver.test.ts" name="ApiKeyResolver &gt; clearLimitHit — global store only &gt; is no-op when keyId is ENV_FALLBACK_KEY_ID" time="0.004070584">
        </testcase>
        <testcase classname="src/__tests__/api-key-resolver.test.ts" name="ApiKeyResolver &gt; clearLimitHit — global store only &gt; is no-op when source is &apos;env&apos;" time="0.001808417">
        </testcase>
        <testcase classname="src/__tests__/api-key-resolver.test.ts" name="ApiKeyResolver &gt; clearLimitHit — global store only &gt; is no-op when provider has no apiKeys in global store" time="0.005685375">
        </testcase>
        <testcase classname="src/__tests__/api-key-resolver.test.ts" name="ApiKeyResolver &gt; thread-safe updates &gt; concurrent recordLimitHit on global keys serialized correctly" time="0.003851542">
        </testcase>
        <testcase classname="src/__tests__/api-key-resolver.test.ts" name="ApiKeyResolver &gt; key rotation &gt; rotates through global keys" time="0.007205709">
        </testcase>
        <testcase classname="src/__tests__/api-key-resolver.test.ts" name="ApiKeyResolver &gt; CURSOR_API_KEY provider &gt; works for CURSOR_API_KEY provider with global store" time="0.003595209">
        </testcase>
        <testcase classname="src/__tests__/api-key-resolver.test.ts" name="ApiKeyResolver &gt; CURSOR_API_KEY provider &gt; falls back to env for CURSOR_API_KEY when global has none" time="0.002365416">
        </testcase>
    </testsuite>
    <testsuite name="src/__tests__/app-db-sqlite.test.ts" timestamp="2026-03-15T00:13:39.624Z" hostname="todd.local" tests="4" failures="0" errors="0" skipped="0" time="0.031253166">
        <testcase classname="src/__tests__/app-db-sqlite.test.ts" name="initAppDb (SQLite) &gt; initializes with in-memory SQLite and runs schema" time="0.015051416">
        </testcase>
        <testcase classname="src/__tests__/app-db-sqlite.test.ts" name="initAppDb (SQLite) &gt; runWrite runs in transaction and commits" time="0.005592167">
        </testcase>
        <testcase classname="src/__tests__/app-db-sqlite.test.ts" name="initAppDb (SQLite) &gt; converts $1 $2 placeholders to ? for SQLite" time="0.004715">
        </testcase>
        <testcase classname="src/__tests__/app-db-sqlite.test.ts" name="initAppDb (SQLite) &gt; allows non-SELECT statements through query() without throwing" time="0.005131542">
        </testcase>
    </testsuite>
    <testsuite name="src/__tests__/app.test.ts" timestamp="2026-03-15T00:13:39.625Z" hostname="todd.local" tests="4" failures="0" errors="0" skipped="0" time="0.09159575">
        <testcase classname="src/__tests__/app.test.ts" name="App &gt; should respond to health check at /health" time="0.014699917">
        </testcase>
        <testcase classname="src/__tests__/app.test.ts" name="App &gt; should serve API under /api/v1 prefix" time="0.060995125">
        </testcase>
        <testcase classname="src/__tests__/app.test.ts" name="App &gt; should parse JSON request bodies" time="0.009517583">
        </testcase>
        <testcase classname="src/__tests__/app.test.ts" name="App &gt; returns 503 for DB-gated routes when database is unavailable" time="0.005691375">
            <system-err>
[error-handler] Request error {&quot;message&quot;:&quot;The database server could not be reached; make sure PostgreSQL is running and the host and port in your settings are correct.&quot;,&quot;stack&quot;:&quot;AppError: The database server could not be reached; make sure PostgreSQL is running and the host and port in your settings are correct.\n    at /private/var/folders/63/x5pqqrr97890ppg92y81t4qc0000gn/T/opensprint-worktrees/os-d665/packages/backend/src/__tests__/app.test.ts:76:7\n    at file:///Users/todd/opensprint.dev/node_modules/@vitest/runner/dist/index.js:146:14\n    at file:///Users/todd/opensprint.dev/node_modules/@vitest/runner/dist/index.js:533:11\n    at runWithTimeout (file:///Users/todd/opensprint.dev/node_modules/@vitest/runner/dist/index.js:39:7)\n    at runTest (file:///Users/todd/opensprint.dev/node_modules/@vitest/runner/dist/index.js:1056:17)\n    at processTicksAndRejections (node:internal/process/task_queues:105:5)\n    at runSuite (file:///Users/todd/opensprint.dev/node_modules/@vitest/runner/dist/index.js:1205:15)\n    at runSuite (file:///Users/todd/opensprint.dev/node_modules/@vitest/runner/dist/index.js:1205:15)\n    at runFiles (file:///Users/todd/opensprint.dev/node_modules/@vitest/runner/dist/index.js:1262:5)\n    at startTests (file:///Users/todd/opensprint.dev/node_modules/@vitest/runner/dist/index.js:1271:3)&quot;}

            </system-err>
        </testcase>
    </testsuite>
    <testsuite name="src/__tests__/auditor.service.test.ts" timestamp="2026-03-15T00:13:39.625Z" hostname="todd.local" tests="15" failures="0" errors="0" skipped="0" time="0.005126792">
        <testcase classname="src/__tests__/auditor.service.test.ts" name="auditor.service &gt; buildAuditorPrompt &gt; includes plan_id and epic_id in prompt" time="0.000880792">
        </testcase>
        <testcase classname="src/__tests__/auditor.service.test.ts" name="auditor.service &gt; parseAuditorResult &gt; parses success with capability_summary and tasks" time="0.0006915">
        </testcase>
        <testcase classname="src/__tests__/auditor.service.test.ts" name="auditor.service &gt; parseAuditorResult &gt; parses success with capability_summary but no tasks" time="0.000108625">
        </testcase>
        <testcase classname="src/__tests__/auditor.service.test.ts" name="auditor.service &gt; parseAuditorResult &gt; parses success from markdown code block" time="0.000091958">
        </testcase>
        <testcase classname="src/__tests__/auditor.service.test.ts" name="auditor.service &gt; parseAuditorResult &gt; parses no_changes_needed" time="0.000087541">
        </testcase>
        <testcase classname="src/__tests__/auditor.service.test.ts" name="auditor.service &gt; parseAuditorResult &gt; returns null for invalid JSON" time="0.00009975">
        </testcase>
        <testcase classname="src/__tests__/auditor.service.test.ts" name="auditor.service &gt; parseAuditorResult &gt; parses failed status" time="0.000081333">
        </testcase>
        <testcase classname="src/__tests__/auditor.service.test.ts" name="auditor.service &gt; parseAuditorResult &gt; treats success without capability_summary as no_changes_needed" time="0.000077833">
        </testcase>
        <testcase classname="src/__tests__/auditor.service.test.ts" name="auditor.service &gt; parseAuditorResult &gt; treats success with empty tasks as no_changes_needed" time="0.000088542">
        </testcase>
        <testcase classname="src/__tests__/auditor.service.test.ts" name="auditor.service &gt; parseAuditorResult &gt; clamps priority to 0-4" time="0.0001445">
        </testcase>
        <testcase classname="src/__tests__/auditor.service.test.ts" name="auditor.service &gt; parseAuditorResult &gt; accepts camelCase dependsOn from Planner (aligns with API validation)" time="0.000599583">
        </testcase>
        <testcase classname="src/__tests__/auditor.service.test.ts" name="auditor.service &gt; parseAuditorResult &gt; parses complexity (1-10) when provided as integer" time="0.000214292">
        </testcase>
        <testcase classname="src/__tests__/auditor.service.test.ts" name="auditor.service &gt; parseAuditorResult &gt; omits complexity when legacy string (simple/low/complex/high) is provided" time="0.000346292">
        </testcase>
        <testcase classname="src/__tests__/auditor.service.test.ts" name="auditor.service &gt; parseAuditorResult &gt; omits complexity when invalid or absent" time="0.000132209">
        </testcase>
        <testcase classname="src/__tests__/auditor.service.test.ts" name="auditor.service &gt; parseAuditorResult &gt; accepts task_list (snake_case) and task_title, task_description, task_priority" time="0.000530125">
        </testcase>
    </testsuite>
    <testsuite name="src/__tests__/blocked-auto-retry.service.test.ts" timestamp="2026-03-15T00:13:39.626Z" hostname="todd.local" tests="5" failures="0" errors="0" skipped="0" time="0.004457459">
        <testcase classname="src/__tests__/blocked-auto-retry.service.test.ts" name="BlockedAutoRetryService &gt; runBlockedAutoRetryPass &gt; unblocks tasks blocked by technical errors and sets last_auto_retry_at" time="0.002839125">
        </testcase>
        <testcase classname="src/__tests__/blocked-auto-retry.service.test.ts" name="BlockedAutoRetryService &gt; runBlockedAutoRetryPass &gt; does not retry when no eligible tasks" time="0.000248">
        </testcase>
        <testcase classname="src/__tests__/blocked-auto-retry.service.test.ts" name="BlockedAutoRetryService &gt; runBlockedAutoRetryPass &gt; continues when one project fails" time="0.000283208">
        </testcase>
        <testcase classname="src/__tests__/blocked-auto-retry.service.test.ts" name="BlockedAutoRetryService &gt; startBlockedAutoRetry and stopBlockedAutoRetry &gt; start and stop without error" time="0.00015775">
        </testcase>
        <testcase classname="src/__tests__/blocked-auto-retry.service.test.ts" name="BlockedAutoRetryService &gt; startBlockedAutoRetry and stopBlockedAutoRetry &gt; start is idempotent (does not start twice)" time="0.000075">
        </testcase>
    </testsuite>
    <testsuite name="src/__tests__/branch-manager.test.ts" timestamp="2026-03-15T00:13:39.626Z" hostname="todd.local" tests="47" failures="0" errors="0" skipped="0" time="26.10098225">
        <testcase classname="src/__tests__/branch-manager.test.ts" name="BranchManager &gt; commitWip &gt; should return false when there are no uncommitted changes" time="0.179255458">
        </testcase>
        <testcase classname="src/__tests__/branch-manager.test.ts" name="BranchManager &gt; commitWip &gt; should create WIP commit and return true when there are uncommitted changes" time="0.325153125">
        </testcase>
        <testcase classname="src/__tests__/branch-manager.test.ts" name="BranchManager &gt; commitWip &gt; should handle modified files" time="0.351313625">
        </testcase>
        <testcase classname="src/__tests__/branch-manager.test.ts" name="BranchManager &gt; commitWip &gt; should return false and not throw when git fails (e.g. not a repo)" time="0.001322917">
        </testcase>
        <testcase classname="src/__tests__/branch-manager.test.ts" name="BranchManager &gt; commitWip &gt; should create WIP commit on task branch (agent termination scenario)" time="0.406389292">
        </testcase>
        <testcase classname="src/__tests__/branch-manager.test.ts" name="BranchManager &gt; checkDependencyIntegrity &gt; skips dependency checks when root package.json is missing" time="0.000986125">
        </testcase>
        <testcase classname="src/__tests__/branch-manager.test.ts" name="BranchManager &gt; checkDependencyIntegrity &gt; uses workspace npm ls and does not repair healthy dependencies" time="0.002121083">
        </testcase>
        <testcase classname="src/__tests__/branch-manager.test.ts" name="BranchManager &gt; checkDependencyIntegrity &gt; uses non-workspace npm ls for single-package repos" time="0.00131225">
        </testcase>
        <testcase classname="src/__tests__/branch-manager.test.ts" name="BranchManager &gt; checkDependencyIntegrity &gt; attempts one npm ci repair when initial health check fails" time="0.00214575">
        </testcase>
        <testcase classname="src/__tests__/branch-manager.test.ts" name="BranchManager &gt; checkDependencyIntegrity &gt; re-links worktree node_modules after successful repair before passing" time="0.001975542">
        </testcase>
        <testcase classname="src/__tests__/branch-manager.test.ts" name="BranchManager &gt; checkDependencyIntegrity &gt; throws RepoPreflightError with remediation when health stays invalid" time="0.001862917">
        </testcase>
        <testcase classname="src/__tests__/branch-manager.test.ts" name="BranchManager &gt; checkDependencyIntegrity &gt; does not loop repair when npm ci succeeds but deps stay unhealthy" time="0.002312209">
        </testcase>
        <testcase classname="src/__tests__/branch-manager.test.ts" name="BranchManager &gt; checkDependencyIntegrity &gt; re-links worktree once and still fails when deps remain unhealthy after repair" time="0.001918125">
        </testcase>
        <testcase classname="src/__tests__/branch-manager.test.ts" name="BranchManager &gt; rebaseContinue &gt; treats &apos;no rebase in progress&apos; as already complete" time="0.249733916">
        </testcase>
        <testcase classname="src/__tests__/branch-manager.test.ts" name="BranchManager &gt; rebaseContinue &gt; throws RebaseConflictError when the next commit conflicts during rebase --continue" time="0.765855833">
        </testcase>
        <testcase classname="src/__tests__/branch-manager.test.ts" name="BranchManager &gt; captureBranchDiff &gt; should capture diff between main and a branch without checkout" time="0.418370542">
        </testcase>
        <testcase classname="src/__tests__/branch-manager.test.ts" name="BranchManager &gt; captureBranchDiff &gt; should return empty string for non-existent branch" time="0.248152">
        </testcase>
        <testcase classname="src/__tests__/branch-manager.test.ts" name="BranchManager &gt; syncMainWithOrigin &gt; fast-forwards main when origin/main is ahead" time="1.081381042">
        </testcase>
        <testcase classname="src/__tests__/branch-manager.test.ts" name="BranchManager &gt; syncMainWithOrigin &gt; preserves local main commits when local main is ahead" time="0.747060583">
        </testcase>
        <testcase classname="src/__tests__/branch-manager.test.ts" name="BranchManager &gt; captureUncommittedDiff &gt; should capture uncommitted changes in working tree" time="0.32126425">
        </testcase>
        <testcase classname="src/__tests__/branch-manager.test.ts" name="BranchManager &gt; captureUncommittedDiff &gt; should return empty string when no uncommitted changes" time="0.305910209">
        </testcase>
        <testcase classname="src/__tests__/branch-manager.test.ts" name="BranchManager &gt; captureUncommittedDiff &gt; should capture staged changes" time="0.353610125">
        </testcase>
        <testcase classname="src/__tests__/branch-manager.test.ts" name="BranchManager &gt; captureUncommittedDiff &gt; should return empty string for non-git path" time="0.006607791">
        </testcase>
        <testcase classname="src/__tests__/branch-manager.test.ts" name="BranchManager &gt; worktree operations &gt; should create and return a worktree path" time="0.746719667">
        </testcase>
        <testcase classname="src/__tests__/branch-manager.test.ts" name="BranchManager &gt; worktree operations &gt; bootstraps an initial commit before creating a worktree for a legacy repo with no HEAD" time="0.763571833">
        </testcase>
        <testcase classname="src/__tests__/branch-manager.test.ts" name="BranchManager &gt; worktree operations &gt; refuses to treat the main repo checkout as a disposable worktree" time="0.311823125">
        </testcase>
        <testcase classname="src/__tests__/branch-manager.test.ts" name="BranchManager &gt; worktree operations &gt; should remove a worktree cleanly" time="0.745811458">
        </testcase>
        <testcase classname="src/__tests__/branch-manager.test.ts" name="BranchManager &gt; worktree operations &gt; should handle removing a non-existent worktree gracefully" time="0.294813917">
        </testcase>
        <testcase classname="src/__tests__/branch-manager.test.ts" name="BranchManager &gt; worktree operations &gt; refuses to delete the repo root when passed as an unsafe worktree path" time="0.265110541">
        </testcase>
        <testcase classname="src/__tests__/branch-manager.test.ts" name="BranchManager &gt; worktree operations &gt; should treat an unregistered task worktree as a no-op cleanup" time="0.76730375">
        </testcase>
        <testcase classname="src/__tests__/branch-manager.test.ts" name="BranchManager &gt; worktree operations &gt; listTaskWorktrees returns worktrees under base path" time="0.81284675">
        </testcase>
        <testcase classname="src/__tests__/branch-manager.test.ts" name="BranchManager &gt; worktree operations &gt; pruneOrphanWorktrees removes worktrees for closed tasks" time="0.811543208">
        </testcase>
        <testcase classname="src/__tests__/branch-manager.test.ts" name="BranchManager &gt; worktree operations &gt; pruneOrphanWorktrees skips excluded and in-progress tasks" time="0.728426375">
        </testcase>
        <testcase classname="src/__tests__/branch-manager.test.ts" name="BranchManager &gt; worktree operations &gt; should replace a stale worktree when creating" time="1.17919925">
        </testcase>
        <testcase classname="src/__tests__/branch-manager.test.ts" name="BranchManager &gt; worktree operations &gt; throws WorktreeBranchInUseError when branch is in another path with active heartbeat" time="1.205291833">
        </testcase>
        <testcase classname="src/__tests__/branch-manager.test.ts" name="BranchManager &gt; worktree operations &gt; should merge branch to main via mergeToMain" time="0.980675292">
        </testcase>
        <testcase classname="src/__tests__/branch-manager.test.ts" name="BranchManager &gt; worktree operations &gt; should create task worktree from custom baseBranch develop" time="0.857264291">
        </testcase>
        <testcase classname="src/__tests__/branch-manager.test.ts" name="BranchManager &gt; worktree operations &gt; epic: first task creates epic branch and worktree at getWorktreePath(epic_&lt;id&gt;)" time="0.751177459">
        </testcase>
        <testcase classname="src/__tests__/branch-manager.test.ts" name="BranchManager &gt; worktree operations &gt; epic: second task reuses same worktree and branch" time="1.191422375">
        </testcase>
        <testcase classname="src/__tests__/branch-manager.test.ts" name="BranchManager &gt; worktree operations &gt; epic: removeTaskWorktree cleans epic worktree by key and optional actualPath" time="0.819253709">
        </testcase>
        <testcase classname="src/__tests__/branch-manager.test.ts" name="BranchManager &gt; worktree operations &gt; epic: removeTaskWorktree with actualPath cleans epic worktree when path is passed" time="0.821967209">
        </testcase>
        <testcase classname="src/__tests__/branch-manager.test.ts" name="BranchManager &gt; pushMain squash commit message &gt; should use Closed format when squashing commits that include a merge commit" time="1.031698417">
        </testcase>
        <testcase classname="src/__tests__/branch-manager.test.ts" name="BranchManager &gt; pushMain squash commit message &gt; should normalize long title to ~45 chars when squashing Closed commit" time="1.05979475">
        </testcase>
        <testcase classname="src/__tests__/branch-manager.test.ts" name="BranchManager &gt; pushMain squash commit message &gt; should fall back to generic message when no Closed commit exists" time="1.056906666">
        </testcase>
        <testcase classname="src/__tests__/branch-manager.test.ts" name="BranchManager &gt; pushMain squash commit message &gt; should use Closed format when deriving from merge commit (no Closed message)" time="1.136584292">
        </testcase>
        <testcase classname="src/__tests__/branch-manager.test.ts" name="BranchManager &gt; pushMain squash commit message &gt; should truncate long title to ~45 chars when deriving from merge commit" time="1.145024583">
        </testcase>
        <testcase classname="src/__tests__/branch-manager.test.ts" name="BranchManager &gt; rebaseContinue &gt; throws RebaseConflictError when next commit conflicts during rebase --continue" time="0.838709667">
        </testcase>
    </testsuite>
    <testsuite name="src/__tests__/build-route.test.ts" timestamp="2026-03-15T00:13:39.629Z" hostname="todd.local" tests="7" failures="0" errors="0" skipped="0" time="5.880205167">
        <testcase classname="src/__tests__/build-route.test.ts" name="Execute API &gt; GET /projects/:projectId/execute/status &gt; should return orchestrator status for existing project" time="0.923827584">
        </testcase>
        <testcase classname="src/__tests__/build-route.test.ts" name="Execute API &gt; GET /projects/:projectId/execute/status &gt; should return 404 for non-existent project" time="0.928364958">
        </testcase>
        <testcase classname="src/__tests__/build-route.test.ts" name="Execute API &gt; GET /projects/:projectId/execute/status &gt; returns selfImprovementRunInProgress true only while a self-improvement run is active" time="0.922185625">
        </testcase>
        <testcase classname="src/__tests__/build-route.test.ts" name="Execute API &gt; GET /projects/:projectId/execute/tasks/:taskId/output &gt; returns empty output when no task is running" time="0.928405583">
        </testcase>
        <testcase classname="src/__tests__/build-route.test.ts" name="Execute API &gt; GET /projects/:projectId/execute/tasks/:taskId/output &gt; returns 404 for non-existent project" time="0.9307175">
        </testcase>
        <testcase classname="src/__tests__/build-route.test.ts" name="Execute API &gt; POST /projects/:projectId/execute/nudge &gt; should accept nudge and return status" time="0.677987875">
        </testcase>
        <testcase classname="src/__tests__/build-route.test.ts" name="Execute API &gt; POST /projects/:projectId/execute/nudge &gt; should return 404 for non-existent project" time="0.56767475">
            <system-err>
[orchestrator-loop] Orchestrator loop error for project nonexistent-id {&quot;error&quot;:{&quot;statusCode&quot;:404,&quot;code&quot;:&quot;PROJECT_NOT_FOUND&quot;,&quot;details&quot;:{&quot;projectId&quot;:&quot;nonexistent-id&quot;},&quot;name&quot;:&quot;AppError&quot;}}

            </system-err>
        </testcase>
    </testsuite>
    <testsuite name="src/__tests__/chat-route.test.ts" timestamp="2026-03-15T00:13:39.629Z" hostname="todd.local" tests="28" failures="0" errors="0" skipped="0" time="28.041333">
        <testcase classname="src/__tests__/chat-route.test.ts" name="Chat REST API &gt; GET /projects/:id/chat/history should return empty conversation when none exists" time="1.048774375">
        </testcase>
        <testcase classname="src/__tests__/chat-route.test.ts" name="Chat REST API &gt; GET /projects/:id/chat/history should accept context query param" time="1.016514167">
        </testcase>
        <testcase classname="src/__tests__/chat-route.test.ts" name="Chat REST API &gt; Plan chat with PLAN_UPDATE only shows &apos;Plan updated&apos; in response and history" time="0.995313208">
        </testcase>
        <testcase classname="src/__tests__/chat-route.test.ts" name="Chat REST API &gt; Plan chat with PLAN_UPDATE returns planUpdate for client to apply (versioning)" time="1.018637333">
        </testcase>
        <testcase classname="src/__tests__/chat-route.test.ts" name="Chat REST API &gt; Plan chat with PLAN_UPDATE plus text shows only the text in chat" time="1.051085542">
        </testcase>
        <testcase classname="src/__tests__/chat-route.test.ts" name="Chat REST API &gt; Plan chat messages persist and are returned by GET history" time="0.943400458">
        </testcase>
        <testcase classname="src/__tests__/chat-route.test.ts" name="Chat REST API &gt; GET /projects/:id/chat/history returns seeded draft plan conversation" time="0.982068792">
        </testcase>
        <testcase classname="src/__tests__/chat-route.test.ts" name="Chat REST API &gt; plan-draft chat answer can create a final plan and return planGenerated metadata" time="1.107294958">
        </testcase>
        <testcase classname="src/__tests__/chat-route.test.ts" name="Chat REST API &gt; plan-draft chat answer can ask more questions without creating a plan" time="0.965933792">
        </testcase>
        <testcase classname="src/__tests__/chat-route.test.ts" name="Chat REST API &gt; POST /projects/:id/chat should send message and return agent response" time="1.01716925">
            <system-err>
[open-question-autoresolve] Open-question auto-respond failed {&quot;projectId&quot;:&quot;01f6c74a-fd72-4ce5-bda5-94b56591a84d&quot;,&quot;notificationId&quot;:&quot;oq-f3beb798&quot;,&quot;source&quot;:&quot;plan&quot;,&quot;err&quot;:{&quot;statusCode&quot;:400,&quot;code&quot;:&quot;DECOMPOSE_PARSE_FAILED&quot;,&quot;details&quot;:{&quot;responsePreview&quot;:&quot;I&apos;d be happy to help you design your product. What are your main goals?&quot;},&quot;name&quot;:&quot;AppError&quot;}}

            </system-err>
        </testcase>
        <testcase classname="src/__tests__/chat-route.test.ts" name="Chat REST API &gt; POST /projects/:id/chat passes body.images to invokePlanningAgent when present" time="0.982587542">
        </testcase>
        <testcase classname="src/__tests__/chat-route.test.ts" name="Chat REST API &gt; POST execute chat stores message with task context and does not invoke planning agent" time="1.022932375">
        </testcase>
        <testcase classname="src/__tests__/chat-route.test.ts" name="Chat REST API &gt; POST /chat should parse PRD_UPDATE blocks from agent response and apply to PRD" time="1.007032959">
        </testcase>
        <testcase classname="src/__tests__/chat-route.test.ts" name="Chat REST API &gt; POST /chat empty-state: first message generates AI initial PRD with multiple sections" time="1.010849541">
        </testcase>
        <testcase classname="src/__tests__/chat-route.test.ts" name="Chat REST API &gt; POST /chat should handle multiple PRD_UPDATE blocks in one response" time="1.099344042">
        </testcase>
        <testcase classname="src/__tests__/chat-route.test.ts" name="Chat REST API &gt; POST /chat should return message without prdChanges when agent response has no PRD_UPDATE blocks" time="1.006153959">
        </testcase>
        <testcase classname="src/__tests__/chat-route.test.ts" name="Chat REST API &gt; POST /chat persists Sketch agent dynamic sections (e.g. competitive_landscape); visible after refresh" time="0.992270375">
        </testcase>
        <testcase classname="src/__tests__/chat-route.test.ts" name="Chat REST API &gt; POST /chat applies PRD_UPDATE and creates SPEC.md when file was missing (e.g. adopted repo)" time="1.026755208">
        </testcase>
        <testcase classname="src/__tests__/chat-route.test.ts" name="Chat REST API &gt; POST /projects/:id/chat should persist conversation; GET history returns it" time="1.002192708">
        </testcase>
        <testcase classname="src/__tests__/chat-route.test.ts" name="Chat REST API &gt; POST /projects/:id/chat should return 400 when message is empty" time="1.000541875">
        </testcase>
        <testcase classname="src/__tests__/chat-route.test.ts" name="Chat REST API &gt; POST /projects/:id/chat should return 400 when message is missing" time="0.918463625">
        </testcase>
        <testcase classname="src/__tests__/chat-route.test.ts" name="Chat REST API &gt; returns MIGRATION_REQUIRED when legacy conversation files exist and DB row is missing" time="0.959048625">
        </testcase>
        <testcase classname="src/__tests__/chat-route.test.ts" name="Chat REST API &gt; conversation should be stored in project_conversations table" time="0.972966875">
        </testcase>
        <testcase classname="src/__tests__/chat-route.test.ts" name="Chat REST API &gt; Design phase agent registry &gt; should register and unregister Sketch chat agent when context is sketch" time="0.9453085">
        </testcase>
        <testcase classname="src/__tests__/chat-route.test.ts" name="Chat REST API &gt; Design phase agent registry &gt; should register and unregister Plan chat agent when context is plan" time="0.958789">
        </testcase>
        <testcase classname="src/__tests__/chat-route.test.ts" name="Chat REST API &gt; Design phase agent registry &gt; surfaces a user-visible error when Sketch Dreamer returns an empty response" time="0.929538375">
            <system-err>
[chat] Agent invocation failed {&quot;error&quot;:{&quot;statusCode&quot;:502,&quot;code&quot;:&quot;AGENT_INVOKE_FAILED&quot;,&quot;name&quot;:&quot;AppError&quot;}}

            </system-err>
        </testcase>
        <testcase classname="src/__tests__/chat-route.test.ts" name="Chat REST API &gt; Design phase agent registry &gt; should unregister even when agent invocation throws" time="0.980002625">
            <system-err>
[chat] Agent invocation failed {&quot;error&quot;:{}}

            </system-err>
        </testcase>
        <testcase classname="src/__tests__/chat-route.test.ts" name="Chat REST API &gt; Design phase agent registry &gt; registers &apos;Processing reply&apos; agent when context is execute (task chat reply)" time="1.075120958">
        </testcase>
    </testsuite>
    <testsuite name="src/__tests__/chat-service.test.ts" timestamp="2026-03-15T00:13:39.631Z" hostname="todd.local" tests="9" failures="0" errors="0" skipped="0" time="9.06974675">
        <testcase classname="src/__tests__/chat-service.test.ts" name="ChatService - Plan phase agent registry &gt; syncPrdFromPlanShip &gt; should register and unregister Ship-it PRD update agent" time="0.96105575">
        </testcase>
        <testcase classname="src/__tests__/chat-service.test.ts" name="ChatService - Plan phase agent registry &gt; syncPrdFromPlanShip &gt; should do nothing when agent returns no_changes_needed" time="1.002023875">
        </testcase>
        <testcase classname="src/__tests__/chat-service.test.ts" name="ChatService - Plan phase agent registry &gt; syncPrdFromPlanShip &gt; should unregister even when agent invocation throws" time="0.968077">
        </testcase>
        <testcase classname="src/__tests__/chat-service.test.ts" name="ChatService - Plan phase agent registry &gt; syncPrdFromScopeChangeFeedback &gt; should invoke planning agent with scope-change feedback in prompt" time="1.037865625">
        </testcase>
        <testcase classname="src/__tests__/chat-service.test.ts" name="ChatService - Plan phase agent registry &gt; syncPrdFromScopeChangeFeedback &gt; should do nothing when agent returns no PRD_UPDATE blocks" time="0.9128905">
        </testcase>
        <testcase classname="src/__tests__/chat-service.test.ts" name="ChatService - Plan phase agent registry &gt; syncPrdFromScopeChangeFeedback &gt; should do nothing when agent returns no_changes_needed JSON" time="1.101391458">
        </testcase>
        <testcase classname="src/__tests__/chat-service.test.ts" name="ChatService - Plan phase agent registry &gt; syncPrdFromScopeChangeFeedback &gt; should apply PRD updates and broadcast when agent returns non-architecture updates" time="0.98049675">
        </testcase>
        <testcase classname="src/__tests__/chat-service.test.ts" name="ChatService - Plan phase agent registry &gt; syncPrdFromScopeChangeFeedback &gt; should evaluate HIL for architecture sections when scope feedback includes them" time="1.095142083">
        </testcase>
        <testcase classname="src/__tests__/chat-service.test.ts" name="ChatService - Plan phase agent registry &gt; sendMessage execute context &gt; records analyst run stats for execute replies without invoking planning agent" time="1.009625042">
        </testcase>
    </testsuite>
    <testsuite name="src/__tests__/context-assembler.test.ts" timestamp="2026-03-15T00:13:39.631Z" hostname="todd.local" tests="30" failures="0" errors="0" skipped="0" time="0.117851584">
        <testcase classname="src/__tests__/context-assembler.test.ts" name="buildAutonomyDescription &gt; returns confirm_all rule when aiAutonomyLevel is confirm_all" time="0.0007305">
        </testcase>
        <testcase classname="src/__tests__/context-assembler.test.ts" name="buildAutonomyDescription &gt; returns major_only rule when aiAutonomyLevel is major_only" time="0.000103875">
        </testcase>
        <testcase classname="src/__tests__/context-assembler.test.ts" name="buildAutonomyDescription &gt; returns full autonomy rule when aiAutonomyLevel is full" time="0.00008175">
        </testcase>
        <testcase classname="src/__tests__/context-assembler.test.ts" name="buildAutonomyDescription &gt; falls back to hilConfig when aiAutonomyLevel is absent" time="0.000078292">
        </testcase>
        <testcase classname="src/__tests__/context-assembler.test.ts" name="ContextAssembler &gt; should assemble task directory with SPEC excerpt, plan, and deps" time="0.009734459">
        </testcase>
        <testcase classname="src/__tests__/context-assembler.test.ts" name="ContextAssembler &gt; prefers task-local acceptance criteria for feedback tasks in coding prompt" time="0.005519666">
        </testcase>
        <testcase classname="src/__tests__/context-assembler.test.ts" name="ContextAssembler &gt; should inject agent instructions (AGENTS.md + role-specific) into coding prompt when both exist" time="0.0061025">
        </testcase>
        <testcase classname="src/__tests__/context-assembler.test.ts" name="ContextAssembler &gt; should include general-only agent instructions when coder role file is missing" time="0.005233833">
        </testcase>
        <testcase classname="src/__tests__/context-assembler.test.ts" name="ContextAssembler &gt; should include Review Feedback section in coding prompt when reviewFeedback is provided" time="0.004667792">
        </testcase>
        <testcase classname="src/__tests__/context-assembler.test.ts" name="ContextAssembler &gt; should include highlighted test failures in coding prompt when previousTestFailures are provided" time="0.004896709">
        </testcase>
        <testcase classname="src/__tests__/context-assembler.test.ts" name="ContextAssembler &gt; should include User clarification section in coding prompt when userClarification is provided" time="0.011132291">
        </testcase>
        <testcase classname="src/__tests__/context-assembler.test.ts" name="ContextAssembler &gt; should extract SPEC when SPEC.md exists" time="0.001375666">
        </testcase>
        <testcase classname="src/__tests__/context-assembler.test.ts" name="ContextAssembler &gt; should return fallback when SPEC missing" time="0.001334625">
        </testcase>
        <testcase classname="src/__tests__/context-assembler.test.ts" name="ContextAssembler &gt; should getPlanContent return plan content from task store" time="0.001181916">
        </testcase>
        <testcase classname="src/__tests__/context-assembler.test.ts" name="ContextAssembler &gt; should getPlanContentForTask return plan content when parent epic has plan in store" time="0.000621875">
        </testcase>
        <testcase classname="src/__tests__/context-assembler.test.ts" name="ContextAssembler &gt; should getPlanContentForTask return empty string when task has no parent" time="0.001308333">
        </testcase>
        <testcase classname="src/__tests__/context-assembler.test.ts" name="ContextAssembler &gt; should getPlanContentForTask return empty string when parent epic has no plan in store" time="0.00098175">
        </testcase>
        <testcase classname="src/__tests__/context-assembler.test.ts" name="ContextAssembler &gt; should getPlanContentForTask return empty string when parent epic has no plan" time="0.001007917">
        </testcase>
        <testcase classname="src/__tests__/context-assembler.test.ts" name="ContextAssembler &gt; should collect dependency outputs from approved sessions" time="0.003995458">
        </testcase>
        <testcase classname="src/__tests__/context-assembler.test.ts" name="ContextAssembler &gt; should skip non-approved sessions" time="0.005252666">
        </testcase>
        <testcase classname="src/__tests__/context-assembler.test.ts" name="ContextAssembler &gt; should buildContext given taskId: Plan from epic, SPEC sections, dependency diffs" time="0.005608292">
        </testcase>
        <testcase classname="src/__tests__/context-assembler.test.ts" name="ContextAssembler &gt; should pass baseBranch to getDiff when building context with custom base" time="0.002288583">
        </testcase>
        <testcase classname="src/__tests__/context-assembler.test.ts" name="ContextAssembler &gt; should generate review prompt per PRD §12.3 when phase is review" time="0.005747292">
        </testcase>
[...]
        </testcase>
    </testsuite>
    <testsuite name="src/__tests__/workflow-engine.service.test.ts" timestamp="2026-03-15T00:13:39.729Z" hostname="todd.local" tests="24" failures="0" errors="0" skipped="0" time="0.042056542">
        <testcase classname="src/__tests__/workflow-engine.service.test.ts" name="WorkflowEngineService &gt; validate &gt; should accept the default workflow" time="0.002891625">
        </testcase>
        <testcase classname="src/__tests__/workflow-engine.service.test.ts" name="WorkflowEngineService &gt; validate &gt; should reject empty steps" time="0.001080875">
        </testcase>
        <testcase classname="src/__tests__/workflow-engine.service.test.ts" name="WorkflowEngineService &gt; validate &gt; should reject duplicate step IDs" time="0.001047">
        </testcase>
        <testcase classname="src/__tests__/workflow-engine.service.test.ts" name="WorkflowEngineService &gt; validate &gt; should reject references to non-existent steps" time="0.000972625">
        </testcase>
        <testcase classname="src/__tests__/workflow-engine.service.test.ts" name="WorkflowEngineService &gt; validate &gt; should detect simple cycles (A → B → A)" time="0.001216125">
        </testcase>
        <testcase classname="src/__tests__/workflow-engine.service.test.ts" name="WorkflowEngineService &gt; validate &gt; should detect transitive cycles (A → B → C → A)" time="0.001143333">
        </testcase>
        <testcase classname="src/__tests__/workflow-engine.service.test.ts" name="WorkflowEngineService &gt; validate &gt; should accept acyclic multi-step workflows" time="0.001165042">
        </testcase>
        <testcase classname="src/__tests__/workflow-engine.service.test.ts" name="WorkflowEngineService &gt; topologicalSort &gt; should sort the default workflow correctly" time="0.001006583">
        </testcase>
        <testcase classname="src/__tests__/workflow-engine.service.test.ts" name="WorkflowEngineService &gt; topologicalSort &gt; should sort a diamond dependency graph" time="0.000963875">
        </testcase>
        <testcase classname="src/__tests__/workflow-engine.service.test.ts" name="WorkflowEngineService &gt; initExecutionState &gt; should set all steps to pending" time="0.001535125">
        </testcase>
        <testcase classname="src/__tests__/workflow-engine.service.test.ts" name="WorkflowEngineService &gt; getNextStep &gt; should return the first step when all are pending" time="0.002520959">
        </testcase>
        <testcase classname="src/__tests__/workflow-engine.service.test.ts" name="WorkflowEngineService &gt; getNextStep &gt; should return review after coding is complete" time="0.000777">
        </testcase>
        <testcase classname="src/__tests__/workflow-engine.service.test.ts" name="WorkflowEngineService &gt; getNextStep &gt; should return merge after review is complete" time="0.000987959">
        </testcase>
        <testcase classname="src/__tests__/workflow-engine.service.test.ts" name="WorkflowEngineService &gt; getNextStep &gt; should return null when all steps are complete" time="0.0009705">
        </testcase>
        <testcase classname="src/__tests__/workflow-engine.service.test.ts" name="WorkflowEngineService &gt; getNextStep &gt; should not skip past failed dependencies" time="0.000852375">
        </testcase>
        <testcase classname="src/__tests__/workflow-engine.service.test.ts" name="WorkflowEngineService &gt; getNextStep &gt; should handle parallel steps in a diamond correctly" time="0.001151375">
        </testcase>
        <testcase classname="src/__tests__/workflow-engine.service.test.ts" name="WorkflowEngineService &gt; isComplete / isStuck &gt; should report complete when all steps are done" time="0.000991416">
        </testcase>
        <testcase classname="src/__tests__/workflow-engine.service.test.ts" name="WorkflowEngineService &gt; isComplete / isStuck &gt; should report complete when steps are completed or skipped" time="0.001230292">
        </testcase>
        <testcase classname="src/__tests__/workflow-engine.service.test.ts" name="WorkflowEngineService &gt; isComplete / isStuck &gt; should report stuck when a dependency failed" time="0.001108417">
        </testcase>
        <testcase classname="src/__tests__/workflow-engine.service.test.ts" name="WorkflowEngineService &gt; isComplete / isStuck &gt; should not report stuck when a step is in_progress" time="0.000988875">
        </testcase>
        <testcase classname="src/__tests__/workflow-engine.service.test.ts" name="WorkflowEngineService &gt; loadWorkflow &gt; should return default workflow when no file exists" time="0.00345875">
        </testcase>
        <testcase classname="src/__tests__/workflow-engine.service.test.ts" name="WorkflowEngineService &gt; loadWorkflow &gt; should load custom workflow from disk" time="0.005103209">
        </testcase>
        <testcase classname="src/__tests__/workflow-engine.service.test.ts" name="WorkflowEngineService &gt; loadWorkflow &gt; should fall back to default on invalid custom workflow" time="0.004734083">
        </testcase>
        <testcase classname="src/__tests__/workflow-engine.service.test.ts" name="WorkflowEngineService &gt; loadWorkflow &gt; should throw on structurally invalid custom workflow" time="0.002849875">
        </testcase>
    </testsuite>
    <testsuite name="src/__tests__/wrap-async.test.ts" timestamp="2026-03-15T00:13:39.731Z" hostname="todd.local" tests="4" failures="0" errors="0" skipped="0" time="0.031310625">
        <testcase classname="src/__tests__/wrap-async.test.ts" name="wrapAsync &gt; forwards successful async handler result" time="0.004181833">
        </testcase>
        <testcase classname="src/__tests__/wrap-async.test.ts" name="wrapAsync &gt; forwards rejected promise to next(err)" time="0.012087959">
        </testcase>
        <testcase classname="src/__tests__/wrap-async.test.ts" name="wrapAsync &gt; forwards synchronous throw to next(err)" time="0.012542708">
        </testcase>
        <testcase classname="src/__tests__/wrap-async.test.ts" name="wrapAsync &gt; handles handler that returns void (no explicit return)" time="0.001655666">
        </testcase>
    </testsuite>
    <testsuite name="src/utils/__tests__/commit-message.test.ts" timestamp="2026-03-15T00:13:39.731Z" hostname="todd.local" tests="15" failures="0" errors="0" skipped="0" time="0.003636667">
        <testcase classname="src/utils/__tests__/commit-message.test.ts" name="commit-message utils &gt; truncateTitle &gt; returns title unchanged when within limit" time="0.000751584">
        </testcase>
        <testcase classname="src/utils/__tests__/commit-message.test.ts" name="commit-message utils &gt; truncateTitle &gt; returns title unchanged when exactly at limit" time="0.000108542">
        </testcase>
        <testcase classname="src/utils/__tests__/commit-message.test.ts" name="commit-message utils &gt; truncateTitle &gt; truncates at word boundary with ellipsis" time="0.000135417">
        </testcase>
        <testcase classname="src/utils/__tests__/commit-message.test.ts" name="commit-message utils &gt; truncateTitle &gt; hard-cuts when no word boundary found before limit" time="0.000096541">
        </testcase>
        <testcase classname="src/utils/__tests__/commit-message.test.ts" name="commit-message utils &gt; truncateTitle &gt; respects custom maxLen" time="0.000074333">
        </testcase>
        <testcase classname="src/utils/__tests__/commit-message.test.ts" name="commit-message utils &gt; truncateTitle &gt; handles empty string" time="0.000069375">
        </testcase>
        <testcase classname="src/utils/__tests__/commit-message.test.ts" name="commit-message utils &gt; formatClosedCommitMessage &gt; matches squash commit spec: Closed [task ID]: [task name ~45 chars]" time="0.000237333">
        </testcase>
        <testcase classname="src/utils/__tests__/commit-message.test.ts" name="commit-message utils &gt; formatClosedCommitMessage &gt; includes task ID and title" time="0.000078708">
        </testcase>
        <testcase classname="src/utils/__tests__/commit-message.test.ts" name="commit-message utils &gt; formatClosedCommitMessage &gt; truncates long titles to ~45 chars" time="0.000141583">
        </testcase>
        <testcase classname="src/utils/__tests__/commit-message.test.ts" name="commit-message utils &gt; formatClosedCommitMessage &gt; preserves short titles exactly" time="0.000075541">
        </testcase>
        <testcase classname="src/utils/__tests__/commit-message.test.ts" name="commit-message utils &gt; formatClosedCommitMessage &gt; format matches spec: Closed [task ID]: [task name ~45 chars]" time="0.000160875">
        </testcase>
        <testcase classname="src/utils/__tests__/commit-message.test.ts" name="commit-message utils &gt; parseClosedCommitMessage &gt; parses valid Closed format" time="0.000455708">
        </testcase>
        <testcase classname="src/utils/__tests__/commit-message.test.ts" name="commit-message utils &gt; parseClosedCommitMessage &gt; parses Closed format with long title" time="0.000096833">
        </testcase>
        <testcase classname="src/utils/__tests__/commit-message.test.ts" name="commit-message utils &gt; parseClosedCommitMessage &gt; returns null for non-matching messages" time="0.000230084">
        </testcase>
        <testcase classname="src/utils/__tests__/commit-message.test.ts" name="commit-message utils &gt; parseClosedCommitMessage &gt; trims whitespace" time="0.000090833">
        </testcase>
    </testsuite>
    <testsuite name="src/utils/__tests__/diff.test.ts" timestamp="2026-03-15T00:13:39.732Z" hostname="todd.local" tests="5" failures="0" errors="0" skipped="0" time="0.003962583">
        <testcase classname="src/utils/__tests__/diff.test.ts" name="computeLineDiff &gt; additions only: old empty, new has lines" time="0.001986583">
        </testcase>
        <testcase classname="src/utils/__tests__/diff.test.ts" name="computeLineDiff &gt; deletions only: old has lines, new empty" time="0.000255833">
        </testcase>
        <testcase classname="src/utils/__tests__/diff.test.ts" name="computeLineDiff &gt; mixed: context, additions, and deletions" time="0.000486708">
        </testcase>
        <testcase classname="src/utils/__tests__/diff.test.ts" name="computeLineDiff &gt; empty: both inputs empty" time="0.000248667">
        </testcase>
        <testcase classname="src/utils/__tests__/diff.test.ts" name="computeLineDiff &gt; identical content: no additions or deletions" time="0.000294583">
        </testcase>
    </testsuite>
    <testsuite name="src/utils/__tests__/expo-auth-check.test.ts" timestamp="2026-03-15T00:13:39.732Z" hostname="todd.local" tests="4" failures="0" errors="0" skipped="1" time="0.004997125">
        <testcase classname="src/utils/__tests__/expo-auth-check.test.ts" name="expo-auth-check &gt; returns ok when EXPO_TOKEN is set in env" time="0.002687083">
        </testcase>
        <testcase classname="src/utils/__tests__/expo-auth-check.test.ts" name="expo-auth-check &gt; returns ok when expoToken is in global settings" time="0.000678875">
        </testcase>
        <testcase classname="src/utils/__tests__/expo-auth-check.test.ts" name="expo-auth-check &gt; returns failure with explicit prompt when no token and eas whoami fails" time="0.00097825">
        </testcase>
        <testcase classname="src/utils/__tests__/expo-auth-check.test.ts" name="expo-auth-check &gt; returns ok when eas whoami succeeds (interactive login)" time="0">
            <skipped/>
        </testcase>
    </testsuite>
    <testsuite name="src/utils/__tests__/expo-config.test.ts" timestamp="2026-03-15T00:13:39.732Z" hostname="todd.local" tests="14" failures="0" errors="0" skipped="0" time="0.027467333">
        <testcase classname="src/utils/__tests__/expo-config.test.ts" name="expo-config &gt; getExpoConfigStatus &gt; returns not configured when no app.json exists" time="0.002845875">
        </testcase>
        <testcase classname="src/utils/__tests__/expo-config.test.ts" name="expo-config &gt; getExpoConfigStatus &gt; returns configured when app.json has name and slug" time="0.002365584">
        </testcase>
        <testcase classname="src/utils/__tests__/expo-config.test.ts" name="expo-config &gt; getExpoConfigStatus &gt; returns not configured when app.json has empty name" time="0.002193791">
        </testcase>
        <testcase classname="src/utils/__tests__/expo-config.test.ts" name="expo-config &gt; getExpoConfigStatus &gt; returns not configured when app.json has no expo block" time="0.000758">
        </testcase>
        <testcase classname="src/utils/__tests__/expo-config.test.ts" name="expo-config &gt; getExpoConfigStatus &gt; returns configured when app.config.js exists" time="0.001780708">
        </testcase>
        <testcase classname="src/utils/__tests__/expo-config.test.ts" name="expo-config &gt; getExpoConfigStatus &gt; returns configured when app.config.ts exists" time="0.001946125">
        </testcase>
        <testcase classname="src/utils/__tests__/expo-config.test.ts" name="expo-config &gt; ensureExpoConfig &gt; creates app.json when missing and populates from project name" time="0.005642541">
        </testcase>
        <testcase classname="src/utils/__tests__/expo-config.test.ts" name="expo-config &gt; ensureExpoConfig &gt; uses package.json version when available" time="0.001600584">
        </testcase>
        <testcase classname="src/utils/__tests__/expo-config.test.ts" name="expo-config &gt; ensureExpoConfig &gt; updates existing app.json when name/slug are missing" time="0.001705625">
        </testcase>
        <testcase classname="src/utils/__tests__/expo-config.test.ts" name="expo-config &gt; ensureExpoConfig &gt; preserves existing expo fields when already set" time="0.001256041">
        </testcase>
        <testcase classname="src/utils/__tests__/expo-config.test.ts" name="expo-config &gt; ensureExpoConfig &gt; slugifies project name correctly" time="0.001178167">
        </testcase>
        <testcase classname="src/utils/__tests__/expo-config.test.ts" name="expo-config &gt; ensureExpoConfig &gt; calls emit when configuring" time="0.001159208">
        </testcase>
        <testcase classname="src/utils/__tests__/expo-config.test.ts" name="expo-config &gt; ensureExpoConfig &gt; returns ok: true for app.config.js without modifying" time="0.000824875">
        </testcase>
        <testcase classname="src/utils/__tests__/expo-config.test.ts" name="expo-config &gt; ensureExpoConfig &gt; returns ok: false when app.json exists but is invalid JSON" time="0.000952916">
        </testcase>
    </testsuite>
    <testsuite name="src/utils/__tests__/expo-install.test.ts" timestamp="2026-03-15T00:13:39.733Z" hostname="todd.local" tests="10" failures="0" errors="0" skipped="0" time="0.040955542">
        <testcase classname="src/utils/__tests__/expo-install.test.ts" name="expo-install &gt; isExpoInstalled &gt; returns true when package.json has expo dependency" time="0.009432958">
        </testcase>
        <testcase classname="src/utils/__tests__/expo-install.test.ts" name="expo-install &gt; isExpoInstalled &gt; returns true when package.json has eas-cli in devDependencies" time="0.001379291">
        </testcase>
        <testcase classname="src/utils/__tests__/expo-install.test.ts" name="expo-install &gt; isExpoInstalled &gt; returns false when package.json has no expo or eas-cli" time="0.002207583">
        </testcase>
        <testcase classname="src/utils/__tests__/expo-install.test.ts" name="expo-install &gt; installExpo &gt; returns installed: true when npm install succeeds" time="0.00291675">
        </testcase>
        <testcase classname="src/utils/__tests__/expo-install.test.ts" name="expo-install &gt; installExpo &gt; returns installed: false with error when npm install fails" time="0.001567708">
        </testcase>
        <testcase classname="src/utils/__tests__/expo-install.test.ts" name="expo-install &gt; ensureExpoInstalled &gt; returns ok: true when expo is already installed" time="0.007665333">
        </testcase>
        <testcase classname="src/utils/__tests__/expo-install.test.ts" name="expo-install &gt; ensureExpoInstalled &gt; returns ok: true when install succeeds after detection" time="0.004351875">
        </testcase>
        <testcase classname="src/utils/__tests__/expo-install.test.ts" name="expo-install &gt; ensureExpoInstalled &gt; returns ok: false with clear error when install fails" time="0.003810333">
        </testcase>
        <testcase classname="src/utils/__tests__/expo-install.test.ts" name="expo-install &gt; ensureExpoInstalled &gt; calls emit callback when installing (expo not present)" time="0.004192333">
        </testcase>
        <testcase classname="src/utils/__tests__/expo-install.test.ts" name="expo-install &gt; ensureExpoInstalled &gt; does not call emit when expo is already installed" time="0.002332083">
        </testcase>
    </testsuite>
    <testsuite name="src/utils/__tests__/log-diff-truncation.test.ts" timestamp="2026-03-15T00:13:39.734Z" hostname="todd.local" tests="8" failures="0" errors="0" skipped="0" time="0.002990833">
        <testcase classname="src/utils/__tests__/log-diff-truncation.test.ts" name="log-diff-truncation &gt; truncateToThreshold &gt; returns value unchanged when within threshold" time="0.000758041">
        </testcase>
        <testcase classname="src/utils/__tests__/log-diff-truncation.test.ts" name="log-diff-truncation &gt; truncateToThreshold &gt; returns value unchanged when exactly at threshold" time="0.000105042">
        </testcase>
        <testcase classname="src/utils/__tests__/log-diff-truncation.test.ts" name="log-diff-truncation &gt; truncateToThreshold &gt; truncates and appends suffix when over threshold" time="0.000588167">
        </testcase>
        <testcase classname="src/utils/__tests__/log-diff-truncation.test.ts" name="log-diff-truncation &gt; truncateToThreshold &gt; returns null for null input" time="0.0000895">
        </testcase>
        <testcase classname="src/utils/__tests__/log-diff-truncation.test.ts" name="log-diff-truncation &gt; truncateToThreshold &gt; returns empty string unchanged" time="0.000073792">
        </testcase>
        <testcase classname="src/utils/__tests__/log-diff-truncation.test.ts" name="log-diff-truncation &gt; truncateToThreshold &gt; returns undefined as null" time="0.000071125">
        </testcase>
        <testcase classname="src/utils/__tests__/log-diff-truncation.test.ts" name="log-diff-truncation &gt; truncateToThreshold &gt; truncates at 100KB (LOG_DIFF_TRUNCATE_AT_CHARS) when over limit" time="0.000463708">
        </testcase>
        <testcase classname="src/utils/__tests__/log-diff-truncation.test.ts" name="log-diff-truncation &gt; truncateToThreshold &gt; does not truncate when at or under 100KB" time="0.000100542">
        </testcase>
    </testsuite>
    <testsuite name="src/utils/__tests__/path-env.test.ts" timestamp="2026-03-15T00:13:39.734Z" hostname="todd.local" tests="4" failures="0" errors="0" skipped="0" time="0.002679958">
        <testcase classname="src/utils/__tests__/path-env.test.ts" name="prioritizeNewestNvmNodeInPath &gt; returns input unchanged when there are fewer than two NVM node entries" time="0.000936167">
        </testcase>
        <testcase classname="src/utils/__tests__/path-env.test.ts" name="prioritizeNewestNvmNodeInPath &gt; reorders NVM node entries so the newest version appears first" time="0.000146375">
        </testcase>
        <testcase classname="src/utils/__tests__/path-env.test.ts" name="prioritizeNewestNvmNodeInPath &gt; supports NVM entries with trailing slash" time="0.000083375">
        </testcase>
        <testcase classname="src/utils/__tests__/path-env.test.ts" name="normalizeSpawnEnvPath &gt; returns a cloned object and normalizes PATH" time="0.000649125">
        </testcase>
    </testsuite>
</testsuites>
