<?xml version="1.0" encoding="UTF-8" ?>
<testsuites name="vitest tests" tests="2378" failures="0" errors="0" time="37.663">
    <testsuite name="src/__tests__/agentOutputReadable.e2e.test.tsx" timestamp="2026-03-15T00:14:18.030Z" hostname="todd.local" tests="5" failures="0" errors="0" skipped="0" time="0.152171375">
        <testcase classname="src/__tests__/agentOutputReadable.e2e.test.tsx" name="E2E: Readable agent output &gt; live output shows formatted text, not raw JSON, when agent emits NDJSON" time="0.062758833">
        </testcase>
        <testcase classname="src/__tests__/agentOutputReadable.e2e.test.tsx" name="E2E: Readable agent output &gt; live output renders markdown elements (code block, list) when agent emits markdown" time="0.0267265">
        </testcase>
        <testcase classname="src/__tests__/agentOutputReadable.e2e.test.tsx" name="E2E: Readable agent output &gt; archived output shows formatted text, not raw JSON" time="0.020145625">
        </testcase>
        <testcase classname="src/__tests__/agentOutputReadable.e2e.test.tsx" name="E2E: Readable agent output &gt; archived output renders markdown elements (code block, list) when agent emitted markdown" time="0.017230709">
        </testcase>
        <testcase classname="src/__tests__/agentOutputReadable.e2e.test.tsx" name="E2E: Readable agent output &gt; plain text or non-JSON output passes through unchanged" time="0.024444625">
        </testcase>
    </testsuite>
    <testsuite name="src/__tests__/assignUnassignE2E.e2e.test.tsx" timestamp="2026-03-15T00:14:18.031Z" hostname="todd.local" tests="1" failures="0" errors="0" skipped="0" time="0.168132625">
        <testcase classname="src/__tests__/assignUnassignE2E.e2e.test.tsx" name="E2E: Assign task to teammate, verify no agent pickup; unassign and verify eligible &gt; assigns ready task to teammate, verifies human assignee excluded from agent dispatch; unassigns and verifies eligible" time="0.16738325">
        </testcase>
    </testsuite>
    <testsuite name="src/__tests__/coderIcon.test.ts" timestamp="2026-03-15T00:14:18.032Z" hostname="todd.local" tests="4" failures="0" errors="0" skipped="0" time="0.002241208">
        <testcase classname="src/__tests__/coderIcon.test.ts" name="coder.svg &gt; exists and is valid SVG" time="0.000843583">
        </testcase>
        <testcase classname="src/__tests__/coderIcon.test.ts" name="coder.svg &gt; steam paths use same stroke color and stroke-width as mug outline" time="0.00046">
        </testcase>
        <testcase classname="src/__tests__/coderIcon.test.ts" name="coder.svg &gt; mug outline uses stroke #818cf8 and stroke-width 2.5" time="0.0001265">
        </testcase>
        <testcase classname="src/__tests__/coderIcon.test.ts" name="coder.svg &gt; icon remains recognizable with steam and mug elements" time="0.000137667">
        </testcase>
    </testsuite>
    <testsuite name="src/__tests__/planVersionFlowE2E.e2e.test.tsx" timestamp="2026-03-15T00:14:18.032Z" hostname="todd.local" tests="1" failures="0" errors="0" skipped="0" time="0.18712075">
        <testcase classname="src/__tests__/planVersionFlowE2E.e2e.test.tsx" name="E2E: Plan version flow (execute, edit, version dropdown, Execute vN) &gt; full user flow: select v1 in version dropdown, see read-only v1, click Execute v1 and confirm execution uses v1 content" time="0.186343167">
        </testcase>
    </testsuite>
    <testsuite name="src/api/client.test.ts" timestamp="2026-03-15T00:14:18.032Z" hostname="todd.local" tests="50" failures="0" errors="0" skipped="0" time="0.015177417">
        <testcase classname="src/api/client.test.ts" name="api client &gt; request handling &gt; returns data from successful JSON response" time="0.002662917">
        </testcase>
        <testcase classname="src/api/client.test.ts" name="api client &gt; request handling &gt; returns undefined for 204 No Content" time="0.000174375">
        </testcase>
        <testcase classname="src/api/client.test.ts" name="api client &gt; request handling &gt; throws ApiError with message and code when response not ok" time="0.001002958">
        </testcase>
        <testcase classname="src/api/client.test.ts" name="api client &gt; request handling &gt; uses error.details when present (scaffold recovery)" time="0.000213583">
        </testcase>
        <testcase classname="src/api/client.test.ts" name="api client &gt; request handling &gt; uses full error when details absent (Expo prompt at top level)" time="0.00017475">
        </testcase>
        <testcase classname="src/api/client.test.ts" name="api client &gt; request handling &gt; throws with statusText when error JSON has no message" time="0.000183125">
        </testcase>
        <testcase classname="src/api/client.test.ts" name="api client &gt; request handling &gt; uses statusText when JSON parse fails for error response" time="0.000281333">
        </testcase>
        <testcase classname="src/api/client.test.ts" name="api client &gt; deliver &gt; expoReadiness calls GET /projects/:projectId/deliver/expo-readiness and returns readiness" time="0.000386833">
        </testcase>
        <testcase classname="src/api/client.test.ts" name="api client &gt; deliver &gt; expoReadiness returns missing and prompt when auth not ok" time="0.00018475">
        </testcase>
        <testcase classname="src/api/client.test.ts" name="api client &gt; projects &gt; get calls correct endpoint" time="0.000181917">
        </testcase>
        <testcase classname="src/api/client.test.ts" name="api client &gt; projects &gt; create sends POST with body" time="0.000220666">
        </testcase>
        <testcase classname="src/api/client.test.ts" name="api client &gt; projects &gt; getSettings returns project settings without apiKeys (global-only)" time="0.000499542">
        </testcase>
        <testcase classname="src/api/client.test.ts" name="api client &gt; projects &gt; updateSettings does not send apiKeys (use global settings)" time="0.000175417">
        </testcase>
        <testcase classname="src/api/client.test.ts" name="api client &gt; chat &gt; send includes context and prdSectionFocus in body" time="0.000172041">
        </testcase>
        <testcase classname="src/api/client.test.ts" name="api client &gt; chat &gt; send includes images in body when provided" time="0.000149125">
        </testcase>
        <testcase classname="src/api/client.test.ts" name="api client &gt; chat &gt; history encodes context in URL for plan chat" time="0.000172625">
        </testcase>
        <testcase classname="src/api/client.test.ts" name="api client &gt; plans &gt; list calls GET /projects/:projectId/plans and returns plans with edges" time="0.000195375">
        </testcase>
        <testcase classname="src/api/client.test.ts" name="api client &gt; plans &gt; markPlanComplete calls POST /projects/:projectId/plans/:planId/mark-complete and returns plan" time="0.000195625">
        </testcase>
        <testcase classname="src/api/client.test.ts" name="api client &gt; plans &gt; listVersions calls GET /projects/:projectId/plans/:planId/versions and returns versions array" time="0.000193083">
        </testcase>
        <testcase classname="src/api/client.test.ts" name="api client &gt; plans &gt; getVersion calls GET /projects/:projectId/plans/:planId/versions/:versionNumber and returns version content" time="0.0001785">
        </testcase>
        <testcase classname="src/api/client.test.ts" name="api client &gt; plans &gt; execute sends POST with optional version_number in body" time="0.000223833">
        </testcase>
        <testcase classname="src/api/client.test.ts" name="api client &gt; plans &gt; execute sends POST with prerequisitePlanIds and version_number when both provided" time="0.00014675">
        </testcase>
        <testcase classname="src/api/client.test.ts" name="api client &gt; plans &gt; execute sends POST with no body when no options provided" time="0.000125625">
        </testcase>
        <testcase classname="src/api/client.test.ts" name="api client &gt; models &gt; list calls correct endpoint with provider" time="0.00096675">
        </testcase>
        <testcase classname="src/api/client.test.ts" name="api client &gt; models &gt; list appends baseUrl when provider is lmstudio and baseUrl provided" time="0.000469834">
        </testcase>
        <testcase classname="src/api/client.test.ts" name="api client &gt; models &gt; list does not append baseUrl when provider is not lmstudio" time="0.00032125">
        </testcase>
        <testcase classname="src/api/client.test.ts" name="api client &gt; env &gt; getKeys returns anthropic, cursor, openai, claudeCli, cursorCli, useCustomCli" time="0.000299375">
        </testcase>
        <testcase classname="src/api/client.test.ts" name="api client &gt; env &gt; getGlobalStatus returns hasAnyKey and useCustomCli" time="0.000206375">
        </testcase>
        <testcase classname="src/api/client.test.ts" name="api client &gt; env &gt; setGlobalSettings sends PUT with useCustomCli" time="0.000277667">
        </testcase>
        <testcase classname="src/api/client.test.ts" name="api client &gt; env &gt; validateKey sends POST with provider and value" time="0.000208459">
        </testcase>
        <testcase classname="src/api/client.test.ts" name="api client &gt; env &gt; validateKey returns valid: false with error on failure" time="0.000124292">
        </testcase>
        <testcase classname="src/api/client.test.ts" name="api client &gt; env &gt; saveKey sends POST with key and value" time="0.000171208">
        </testcase>
        <testcase classname="src/api/client.test.ts" name="api client &gt; env &gt; validateKey accepts openai provider" time="0.000185708">
        </testcase>
        <testcase classname="src/api/client.test.ts" name="api client &gt; env &gt; saveKey accepts OPENAI_API_KEY" time="0.000155625">
        </testcase>
        <testcase classname="src/api/client.test.ts" name="api client &gt; notifications &gt; retryRateLimit posts to retry-rate-limit and returns ok" time="0.000186375">
        </testcase>
        <testcase classname="src/api/client.test.ts" name="api client &gt; globalSettings &gt; get returns databaseUrl" time="0.000170583">
        </testcase>
        <testcase classname="src/api/client.test.ts" name="api client &gt; globalSettings &gt; get returns apiKeys (masked) when present" time="0.000156708">
        </testcase>
        <testcase classname="src/api/client.test.ts" name="api client &gt; globalSettings &gt; put sends databaseUrl and returns masked" time="0.0001805">
        </testcase>
        <testcase classname="src/api/client.test.ts" name="api client &gt; globalSettings &gt; put accepts apiKeys and sends them in body" time="0.000194375">
        </testcase>
        <testcase classname="src/api/client.test.ts" name="api client &gt; globalSettings &gt; revealKey fetches raw value for provider and id" time="0.000168416">
        </testcase>
        <testcase classname="src/api/client.test.ts" name="api client &gt; globalSettings &gt; clearLimitHit posts to clear-limit-hit and returns updated settings" time="0.000186125">
        </testcase>
        <testcase classname="src/api/client.test.ts" name="api client &gt; globalSettings &gt; setupTables posts databaseUrl and returns ok" time="0.000183458">
        </testcase>
        <testcase classname="src/api/client.test.ts" name="api client &gt; isConnectionError &gt; returns false for ApiError (server responded)" time="0.000124709">
        </testcase>
        <testcase classname="src/api/client.test.ts" name="api client &gt; isConnectionError &gt; returns true for Failed to fetch" time="0.000102459">
        </testcase>
        <testcase classname="src/api/client.test.ts" name="api client &gt; isConnectionError &gt; returns true for NetworkError" time="0.000092625">
        </testcase>
        <testcase classname="src/api/client.test.ts" name="api client &gt; isConnectionError &gt; returns true for Network request failed" time="0.00009425">
        </testcase>
        <testcase classname="src/api/client.test.ts" name="api client &gt; isConnectionError &gt; returns true for Load failed" time="0.000094">
        </testcase>
        <testcase classname="src/api/client.test.ts" name="api client &gt; isConnectionError &gt; returns false for other errors" time="0.000103917">
        </testcase>
        <testcase classname="src/api/client.test.ts" name="api client &gt; feedback &gt; submit includes priority in body when provided" time="0.000189083">
        </testcase>
        <testcase classname="src/api/client.test.ts" name="api client &gt; feedback &gt; submit omits priority from body when not provided" time="0.000148208">
        </testcase>
    </testsuite>
    <testsuite name="src/api/taskList.test.ts" timestamp="2026-03-15T00:14:18.035Z" hostname="todd.local" tests="3" failures="0" errors="0" skipped="0" time="0.001794334">
        <testcase classname="src/api/taskList.test.ts" name="normalizeTaskListResponse &gt; returns array responses unchanged" time="0.000984458">
        </testcase>
        <testcase classname="src/api/taskList.test.ts" name="normalizeTaskListResponse &gt; returns paginated items when present" time="0.000120583">
        </testcase>
        <testcase classname="src/api/taskList.test.ts" name="normalizeTaskListResponse &gt; returns an empty array for missing or malformed responses" time="0.000103334">
        </testcase>
    </testsuite>
    <testsuite name="src/contexts/ThemeContext.test.tsx" timestamp="2026-03-15T00:14:18.035Z" hostname="todd.local" tests="7" failures="0" errors="0" skipped="0" time="0.130230792">
        <testcase classname="src/contexts/ThemeContext.test.tsx" name="ThemeProvider &gt; provides theme context to children" time="0.017917333">
        </testcase>
        <testcase classname="src/contexts/ThemeContext.test.tsx" name="ThemeProvider &gt; updates preference and resolved when setTheme(light) is called" time="0.048871375">
        </testcase>
        <testcase classname="src/contexts/ThemeContext.test.tsx" name="ThemeProvider &gt; updates preference and resolved when setTheme(dark) is called" time="0.015595792">
        </testcase>
        <testcase classname="src/contexts/ThemeContext.test.tsx" name="ThemeProvider &gt; uses stored preference on mount" time="0.001897208">
        </testcase>
        <testcase classname="src/contexts/ThemeContext.test.tsx" name="ThemeProvider &gt; setForceLightMode(true) forces data-theme=light regardless of preference (Sketch phase)" time="0.014152583">
        </testcase>
        <testcase classname="src/contexts/ThemeContext.test.tsx" name="ThemeProvider &gt; setForceLightMode(false) restores theme to resolved preference" time="0.027497792">
        </testcase>
        <testcase classname="src/contexts/ThemeContext.test.tsx" name="useTheme &gt; throws when used outside ThemeProvider" time="0.00344625">
        </testcase>
    </testsuite>
    <testsuite name="src/components/ActiveAgentsList.test.tsx" timestamp="2026-03-15T00:14:18.036Z" hostname="todd.local" tests="31" failures="0" errors="0" skipped="0" time="0.616315708">
        <testcase classname="src/components/ActiveAgentsList.test.tsx" name="ActiveAgentsList &gt; shows loading spinner during initial fetch (never No agents running while loading)" time="0.048934292">
        </testcase>
        <testcase classname="src/components/ActiveAgentsList.test.tsx" name="ActiveAgentsList &gt; renders button with No agents running when empty after fetch completes" time="0.009763458">
        </testcase>
        <testcase classname="src/components/ActiveAgentsList.test.tsx" name="ActiveAgentsList &gt; does not render colored status dot on agents-running button" time="0.006565958">
        </testcase>
        <testcase classname="src/components/ActiveAgentsList.test.tsx" name="ActiveAgentsList &gt; renders button with no visible border (border-none)" time="0.005404083">
        </testcase>
        <testcase classname="src/components/ActiveAgentsList.test.tsx" name="ActiveAgentsList &gt; shows dropdown when button clicked" time="0.023936166">
        </testcase>
        <testcase classname="src/components/ActiveAgentsList.test.tsx" name="ActiveAgentsList &gt; dropdown has border for visual distinction from navbar" time="0.015456333">
        </testcase>
        <testcase classname="src/components/ActiveAgentsList.test.tsx" name="ActiveAgentsList &gt; dropdown is rendered in portal with high z-index to appear above Build sidebar (z-50)" time="0.014661916">
        </testcase>
        <testcase classname="src/components/ActiveAgentsList.test.tsx" name="ActiveAgentsList &gt; shows live uptime for each agent when dropdown is open" time="0.011808875">
        </testcase>
        <testcase classname="src/components/ActiveAgentsList.test.tsx" name="ActiveAgentsList &gt; shows each reviewer with angle label when multi-angle review is active" time="0.017481333">
        </testcase>
        <testcase classname="src/components/ActiveAgentsList.test.tsx" name="ActiveAgentsList &gt; shows elapsed time from the project-scoped active-agent fetch" time="0.006382125">
        </testcase>
        <testcase classname="src/components/ActiveAgentsList.test.tsx" name="ActiveAgentsList &gt; shows loading spinner in dropdown when opened during initial fetch" time="0.014513">
        </testcase>
        <testcase classname="src/components/ActiveAgentsList.test.tsx" name="ActiveAgentsList &gt; does not flash loading spinner in dropdown when opening after data is cached" time="0.0171785">
        </testcase>
        <testcase classname="src/components/ActiveAgentsList.test.tsx" name="ActiveAgentsList &gt; shows em dash when agent has no startedAt" time="0.014071708">
        </testcase>
        <testcase classname="src/components/ActiveAgentsList.test.tsx" name="ActiveAgentsList &gt; shows Suspended instead of elapsed time for suspended agents" time="0.014919959">
        </testcase>
        <testcase classname="src/components/ActiveAgentsList.test.tsx" name="ActiveAgentsList &gt; renders agent icons in canonical README/PRD order (Dreamer, Planner, ..., Coder, Reviewer)" time="0.019469">
        </testcase>
        <testcase classname="src/components/ActiveAgentsList.test.tsx" name="ActiveAgentsList &gt; shows agent name in parentheses after role when name is available" time="0.014566208">
        </testcase>
        <testcase classname="src/components/ActiveAgentsList.test.tsx" name="ActiveAgentsList &gt; shows role only when agent name is absent" time="0.016013292">
        </testcase>
        <testcase classname="src/components/ActiveAgentsList.test.tsx" name="ActiveAgentsList &gt; shows reviewer angle name in parentheses for parallel reviews" time="0.013947625">
        </testcase>
        <testcase classname="src/components/ActiveAgentsList.test.tsx" name="ActiveAgentsList &gt; dropdown agent items have visible hover background and cursor pointer for clickability feedback" time="0.019631292">
        </testcase>
        <testcase classname="src/components/ActiveAgentsList.test.tsx" name="ActiveAgentsList &gt; shows agent role description as tooltip on dropdown item hover" time="0.018735208">
        </testcase>
        <testcase classname="src/components/ActiveAgentsList.test.tsx" name="ActiveAgentsList &gt; shows reviewer description when agent has phase review but no role" time="0.019058417">
        </testcase>
        <testcase classname="src/components/ActiveAgentsList.test.tsx" name="ActiveAgentsList &gt; renders button agent icons at 1.5rem with 2px left margin when display mode is both" time="0.006928125">
        </testcase>
        <testcase classname="src/components/ActiveAgentsList.test.tsx" name="ActiveAgentsList &gt; navigates to Evaluate page with feedback param when clicking Analyst agent" time="0.030228792">
        </testcase>
        <testcase classname="src/components/ActiveAgentsList.test.tsx" name="ActiveAgentsList &gt; navigates to Sketch page when clicking Dreamer agent" time="0.029468958">
        </testcase>
        <testcase classname="src/components/ActiveAgentsList.test.tsx" name="ActiveAgentsList &gt; navigates to Plan page when clicking Planner agent" time="0.029903083">
        </testcase>
        <testcase classname="src/components/ActiveAgentsList.test.tsx" name="ActiveAgentsList &gt; navigates to Plan page with plan param when clicking Auditor agent (deep-link to Plan view)" time="0.029872291">
        </testcase>
        <testcase classname="src/components/ActiveAgentsList.test.tsx" name="ActiveAgentsList &gt; renders agent icons sized to match two lines of text (3.01875rem) with 2px left margin in dropdown" time="0.014972584">
        </testcase>
        <testcase classname="src/components/ActiveAgentsList.test.tsx" name="ActiveAgentsList &gt; shows Kill button (circled X icon) for all agents, visible on card hover" time="0.01978575">
        </testcase>
        <testcase classname="src/components/ActiveAgentsList.test.tsx" name="ActiveAgentsList &gt; shows confirmation dialog when Kill button is clicked" time="0.031940167">
        </testcase>
        <testcase classname="src/components/ActiveAgentsList.test.tsx" name="ActiveAgentsList &gt; calls kill API when Confirm is clicked in dialog" time="0.050571208">
        </testcase>
        <testcase classname="src/components/ActiveAgentsList.test.tsx" name="ActiveAgentsList &gt; skips confirmation dialog when opensprint.killAgentConfirmDisabled is true" time="0.028945125">
        </testcase>
    </testsuite>
    <testsuite name="src/components/AgentReferenceModal.test.tsx" timestamp="2026-03-15T00:14:18.038Z" hostname="todd.local" tests="9" failures="0" errors="0" skipped="0" time="0.15561675">
        <testcase classname="src/components/AgentReferenceModal.test.tsx" name="AgentReferenceModal &gt; renders title and all 9 agents" time="0.063036208">
        </testcase>
        <testcase classname="src/components/AgentReferenceModal.test.tsx" name="AgentReferenceModal &gt; renders agent descriptions" time="0.009144166">
        </testcase>
        <testcase classname="src/components/AgentReferenceModal.test.tsx" name="AgentReferenceModal &gt; renders phase badges" time="0.010439625">
        </testcase>
        <testcase classname="src/components/AgentReferenceModal.test.tsx" name="AgentReferenceModal &gt; phase name left-aligns with agent role name in each card" time="0.008478792">
        </testcase>
        <testcase classname="src/components/AgentReferenceModal.test.tsx" name="AgentReferenceModal &gt; renders 9 agent cards in grid" time="0.012258084">
        </testcase>
        <testcase classname="src/components/AgentReferenceModal.test.tsx" name="AgentReferenceModal &gt; calls onClose when close button is clicked" time="0.028871375">
        </testcase>
        <testcase classname="src/components/AgentReferenceModal.test.tsx" name="AgentReferenceModal &gt; calls onClose when backdrop is clicked" time="0.006924416">
        </testcase>
        <testcase classname="src/components/AgentReferenceModal.test.tsx" name="AgentReferenceModal &gt; calls onClose when Escape key is pressed" time="0.007789042">
        </testcase>
        <testcase classname="src/components/AgentReferenceModal.test.tsx" name="AgentReferenceModal &gt; is accessible with aria attributes" time="0.007822875">
        </testcase>
    </testsuite>
    <testsuite name="src/components/AgentsMdSection.lazy.test.tsx" timestamp="2026-03-15T00:14:18.038Z" hostname="todd.local" tests="2" failures="0" errors="0" skipped="0" time="0.47632">
        <testcase classname="src/components/AgentsMdSection.lazy.test.tsx" name="AgentsMdSection lazy-loading &gt; shows Loading editor... while MDEditor chunk is loading" time="0.154218625">
            <system-err>
An update to AgentsMdSection inside a test was not wrapped in act(...).

When testing, code that causes React state updates should be wrapped into act(...):

act(() =&gt; {
  /* fire events that update state */
});
/* assert on the output */

This ensures that you&apos;re testing the behavior the user would see in the browser. Learn more at https://react.dev/link/wrap-tests-with-act
An update to AgentsMdSection inside a test was not wrapped in act(...).

When testing, code that causes React state updates should be wrapped into act(...):

act(() =&gt; {
  /* fire events that update state */
});
/* assert on the output */

This ensures that you&apos;re testing the behavior the user would see in the browser. Learn more at https://react.dev/link/wrap-tests-with-act
An update to AgentsMdSection inside a test was not wrapped in act(...).

When testing, code that causes React state updates should be wrapped into act(...):

act(() =&gt; {
  /* fire events that update state */
});
/* assert on the output */

This ensures that you&apos;re testing the behavior the user would see in the browser. Learn more at https://react.dev/link/wrap-tests-with-act

            </system-err>
        </testcase>
        <testcase classname="src/components/AgentsMdSection.lazy.test.tsx" name="AgentsMdSection lazy-loading &gt; shows editor after lazy load completes" time="0.321305041">
            <system-err>
An update to AgentsMdSection inside a test was not wrapped in act(...).

When testing, code that causes React state updates should be wrapped into act(...):

act(() =&gt; {
  /* fire events that update state */
});
/* assert on the output */

This ensures that you&apos;re testing the behavior the user would see in the browser. Learn more at https://react.dev/link/wrap-tests-with-act
An update to AgentsMdSection inside a test was not wrapped in act(...).

When testing, code that causes React state updates should be wrapped into act(...):

act(() =&gt; {
  /* fire events that update state */
});
/* assert on the output */

This ensures that you&apos;re testing the behavior the user would see in the browser. Learn more at https://react.dev/link/wrap-tests-with-act
An update to AgentsMdSection inside a test was not wrapped in act(...).

When testing, code that causes React state updates should be wrapped into act(...):

act(() =&gt; {
  /* fire events that update state */
});
/* assert on the output */

This ensures that you&apos;re testing the behavior the user would see in the browser. Learn more at https://react.dev/link/wrap-tests-with-act

            </system-err>
        </testcase>
    </testsuite>
    <testsuite name="src/components/AgentsMdSection.test.tsx" timestamp="2026-03-15T00:14:18.038Z" hostname="todd.local" tests="18" failures="0" errors="0" skipped="0" time="1.662503291">
        <testcase classname="src/components/AgentsMdSection.test.tsx" name="AgentsMdSection &gt; fetches content on mount and displays markdown in view mode" time="0.363748542">
        </testcase>
        <testcase classname="src/components/AgentsMdSection.test.tsx" name="AgentsMdSection &gt; keeps title, subtext, and Edit action in one row" time="0.013603542">
        </testcase>
        <testcase classname="src/components/AgentsMdSection.test.tsx" name="AgentsMdSection &gt; shows placeholder when content is empty" time="0.007669667">
        </testcase>
        <testcase classname="src/components/AgentsMdSection.test.tsx" name="AgentsMdSection &gt; shows loading state initially" time="0.001820833">
        </testcase>
        <testcase classname="src/components/AgentsMdSection.test.tsx" name="AgentsMdSection &gt; shows error when fetch fails" time="0.006456041">
        </testcase>
        <testcase classname="src/components/AgentsMdSection.test.tsx" name="AgentsMdSection &gt; switches to edit mode when Edit is clicked" time="0.031017917">
        </testcase>
        <testcase classname="src/components/AgentsMdSection.test.tsx" name="AgentsMdSection &gt; calls PUT and returns to view mode on blur" time="0.121378541">
        </testcase>
        <testcase classname="src/components/AgentsMdSection.test.tsx" name="AgentsMdSection &gt; saves changes on blur (no cancel - changes persist)" time="0.087483584">
        </testcase>
        <testcase classname="src/components/AgentsMdSection.test.tsx" name="AgentsMdSection &gt; shows error feedback when save fails on blur" time="0.026861875">
        </testcase>
        <testcase classname="src/components/AgentsMdSection.test.tsx" name="AgentsMdSection &gt; shows Save button and saves on click in edit mode" time="0.115148833">
        </testcase>
        <testcase classname="src/components/AgentsMdSection.test.tsx" name="AgentsMdSection &gt; loads role-specific content when switching to role tab" time="0.023095083">
        </testcase>
        <testcase classname="src/components/AgentsMdSection.test.tsx" name="AgentsMdSection &gt; switches tabs and loads correct content per tab (General, Coder, Reviewer)" time="0.0520515">
        </testcase>
        <testcase classname="src/components/AgentsMdSection.test.tsx" name="AgentsMdSection &gt; saves role content via API when on Coder tab (testMode, on blur)" time="0.134707917">
        </testcase>
        <testcase classname="src/components/AgentsMdSection.test.tsx" name="AgentsMdSection &gt; saves role content via API when on Reviewer tab (testMode, Save button)" time="0.137139875">
        </testcase>
        <testcase classname="src/components/AgentsMdSection.test.tsx" name="AgentsMdSection &gt; General tab uses updateAgentsInstructions, role tab uses updateAgentsInstructionsForRole" time="0.1748425">
        </testcase>
        <testcase classname="src/components/AgentsMdSection.test.tsx" name="AgentsMdSection &gt; shows role placeholder when role tab content is empty" time="0.019295916">
        </testcase>
        <testcase classname="src/components/AgentsMdSection.test.tsx" name="AgentsMdSection &gt; tab list is keyboard-navigable" time="0.017365917">
        </testcase>
        <testcase classname="src/components/AgentsMdSection.test.tsx" name="AgentsMdSection &gt; shows MDEditor with toolbar when not in test mode (lazy-loaded)" time="0.327664458">
        </testcase>
    </testsuite>
    <testsuite name="src/components/ApiKeySetupModal.test.tsx" timestamp="2026-03-15T00:14:18.039Z" hostname="todd.local" tests="21" failures="0" errors="0" skipped="0" time="0.845510042">
        <testcase classname="src/components/ApiKeySetupModal.test.tsx" name="ApiKeySetupModal &gt; renders modal with title and body copy" time="0.025631583">
        </testcase>
        <testcase classname="src/components/ApiKeySetupModal.test.tsx" name="ApiKeySetupModal &gt; shows provider dropdown with Claude, Cursor, OpenAI, Google, LM Studio, Custom/CLI" time="0.059469708">
        </testcase>
        <testcase classname="src/components/ApiKeySetupModal.test.tsx" name="ApiKeySetupModal &gt; shows password input when Claude, Cursor, OpenAI, or Google selected" time="0.004995959">
        </testcase>
        <testcase classname="src/components/ApiKeySetupModal.test.tsx" name="ApiKeySetupModal &gt; hides key input when Custom/CLI selected" time="0.027163125">
        </testcase>
        <testcase classname="src/components/ApiKeySetupModal.test.tsx" name="ApiKeySetupModal &gt; hides key input when LM Studio selected and shows no-key message" time="0.021157375">
        </testcase>
        <testcase classname="src/components/ApiKeySetupModal.test.tsx" name="ApiKeySetupModal &gt; LM Studio Save calls onComplete without any API calls" time="0.031503958">
        </testcase>
        <testcase classname="src/components/ApiKeySetupModal.test.tsx" name="ApiKeySetupModal &gt; toggles password visibility with eye icon" time="0.027542791">
        </testcase>
        <testcase classname="src/components/ApiKeySetupModal.test.tsx" name="ApiKeySetupModal &gt; calls onCancel when Cancel is clicked" time="0.01850075">
        </testcase>
        <testcase classname="src/components/ApiKeySetupModal.test.tsx" name="ApiKeySetupModal &gt; Custom/CLI shows user-friendly message on network error" time="0.031077667">
        </testcase>
        <testcase classname="src/components/ApiKeySetupModal.test.tsx" name="ApiKeySetupModal &gt; Custom/CLI Save calls setGlobalSettings and onComplete" time="0.031611625">
        </testcase>
        <testcase classname="src/components/ApiKeySetupModal.test.tsx" name="ApiKeySetupModal &gt; shows loading state during Save (Saving…, disabled)" time="0.054262375">
        </testcase>
        <testcase classname="src/components/ApiKeySetupModal.test.tsx" name="ApiKeySetupModal &gt; Claude Save validates then saves and calls onComplete" time="0.076503458">
        </testcase>
        <testcase classname="src/components/ApiKeySetupModal.test.tsx" name="ApiKeySetupModal &gt; Cursor Save validates then saves and calls onComplete" time="0.091570083">
        </testcase>
        <testcase classname="src/components/ApiKeySetupModal.test.tsx" name="ApiKeySetupModal &gt; OpenAI Save validates then saves and calls onComplete" time="0.096202291">
        </testcase>
        <testcase classname="src/components/ApiKeySetupModal.test.tsx" name="ApiKeySetupModal &gt; shows error inline below input when validation fails" time="0.049213">
        </testcase>
        <testcase classname="src/components/ApiKeySetupModal.test.tsx" name="ApiKeySetupModal &gt; shows user-friendly message on network error during validate" time="0.063249625">
        </testcase>
        <testcase classname="src/components/ApiKeySetupModal.test.tsx" name="ApiKeySetupModal &gt; shows user-friendly message on network error during save" time="0.060432167">
        </testcase>
        <testcase classname="src/components/ApiKeySetupModal.test.tsx" name="ApiKeySetupModal &gt; shows error when Save is clicked with empty key for Claude" time="0.004017834">
        </testcase>
        <testcase classname="src/components/ApiKeySetupModal.test.tsx" name="ApiKeySetupModal &gt; Save button enabled when key entered for Claude" time="0.036593625">
        </testcase>
        <testcase classname="src/components/ApiKeySetupModal.test.tsx" name="ApiKeySetupModal &gt; Save button always enabled for Custom/CLI" time="0.01718625">
        </testcase>
        <testcase classname="src/components/ApiKeySetupModal.test.tsx" name="ApiKeySetupModal &gt; Save button always enabled for LM Studio" time="0.01656975">
        </testcase>
    </testsuite>
    <testsuite name="src/components/ApiKeysSection.test.tsx" timestamp="2026-03-15T00:14:18.041Z" hostname="todd.local" tests="27" failures="0" errors="0" skipped="0" time="0.328805334">
        <testcase classname="src/components/ApiKeysSection.test.tsx" name="ApiKeysSection &gt; returns null when no claude or cursor providers in use" time="0.008988583">
        </testcase>
        <testcase classname="src/components/ApiKeysSection.test.tsx" name="ApiKeysSection &gt; renders API Keys section when claude is selected" time="0.01177425">
        </testcase>
        <testcase classname="src/components/ApiKeysSection.test.tsx" name="ApiKeysSection &gt; renders CURSOR_API_KEY when cursor is selected" time="0.001652791">
        </testcase>
        <testcase classname="src/components/ApiKeysSection.test.tsx" name="ApiKeysSection &gt; renders OPENAI_API_KEY when openai is selected" time="0.002167208">
        </testcase>
        <testcase classname="src/components/ApiKeysSection.test.tsx" name="ApiKeysSection &gt; shows existing keys with masked placeholder and limitHitAt sub-label" time="0.007794875">
        </testcase>
        <testcase classname="src/components/ApiKeysSection.test.tsx" name="ApiKeysSection &gt; shows a retry action for exhausted keys and clears limitHitAt when clicked" time="0.048500542">
        </testcase>
        <testcase classname="src/components/ApiKeysSection.test.tsx" name="ApiKeysSection &gt; adds a new key when Add key is clicked" time="0.012563875">
        </testcase>
        <testcase classname="src/components/ApiKeysSection.test.tsx" name="ApiKeysSection &gt; shows exactly one input on first Add key click under StrictMode (no double-add)" time="0.013425458">
        </testcase>
        <testcase classname="src/components/ApiKeysSection.test.tsx" name="ApiKeysSection &gt; toggles visibility when eye icon is clicked" time="0.028019417">
        </testcase>
        <testcase classname="src/components/ApiKeysSection.test.tsx" name="ApiKeysSection &gt; calls onApiKeysChange when user types a new key value" time="0.060922834">
        </testcase>
        <testcase classname="src/components/ApiKeysSection.test.tsx" name="ApiKeysSection &gt; renders label input to the left of each API key and includes label in onApiKeysChange" time="0.033556708">
        </testcase>
        <testcase classname="src/components/ApiKeysSection.test.tsx" name="ApiKeysSection &gt; enables remove when only one key remains (allows key rotation/cleanup)" time="0.002672084">
        </testcase>
        <testcase classname="src/components/ApiKeysSection.test.tsx" name="ApiKeysSection &gt; enables remove when multiple keys exist" time="0.003605125">
        </testcase>
        <testcase classname="src/components/ApiKeysSection.test.tsx" name="ApiKeysSection &gt; removes key and calls onApiKeysChange when remove clicked with 2+ keys" time="0.014382">
        </testcase>
        <testcase classname="src/components/ApiKeysSection.test.tsx" name="ApiKeysSection &gt; removes last key and allows adding new key afterward" time="0.022914667">
        </testcase>
        <testcase classname="src/components/ApiKeysSection.test.tsx" name="ApiKeysSection &gt; shows both providers when mixed (claude + cursor)" time="0.002045792">
        </testcase>
        <testcase classname="src/components/ApiKeysSection.test.tsx" name="ApiKeysSection &gt; uses password type by default for key inputs" time="0.003703">
        </testcase>
        <testcase classname="src/components/ApiKeysSection.test.tsx" name="ApiKeysSection &gt; returns null when settings is null" time="0.00072575">
        </testcase>
        <testcase classname="src/components/ApiKeysSection.test.tsx" name="ApiKeysSection &gt; displays masked value for existing keys in global variant (page load/refresh)" time="0.00370375">
        </testcase>
        <testcase classname="src/components/ApiKeysSection.test.tsx" name="ApiKeysSection &gt; reveals and fetches actual key value when eyeball clicked (global variant with onRevealKey)" time="0.0073835">
        </testcase>
        <testcase classname="src/components/ApiKeysSection.test.tsx" name="ApiKeysSection &gt; renders both providers in global mode with apiKeys and providers props" time="0.002439458">
        </testcase>
        <testcase classname="src/components/ApiKeysSection.test.tsx" name="ApiKeysSection &gt; shows Retry button when limitHitAt is set and onClearLimitHit provided" time="0.014466125">
        </testcase>
        <testcase classname="src/components/ApiKeysSection.test.tsx" name="ApiKeysSection &gt; does not show Retry button when limitHitAt is set but onClearLimitHit not provided" time="0.002561416">
        </testcase>
        <testcase classname="src/components/ApiKeysSection.test.tsx" name="ApiKeysSection &gt; shows drag handles when variant is global and provider has multiple keys" time="0.003789125">
        </testcase>
        <testcase classname="src/components/ApiKeysSection.test.tsx" name="ApiKeysSection &gt; each API key row displays [handle][label][key] in DOM order (global variant, multiple keys)" time="0.005265709">
        </testcase>
        <testcase classname="src/components/ApiKeysSection.test.tsx" name="ApiKeysSection &gt; does not show drag handles when variant is global but provider has only one key" time="0.002199959">
        </testcase>
        <testcase classname="src/components/ApiKeysSection.test.tsx" name="ApiKeysSection &gt; calls onApiKeysChange with reordered entries when drop reorders keys" time="0.006425917">
        </testcase>
    </testsuite>
    <testsuite name="src/components/ChatInput.test.tsx" timestamp="2026-03-15T00:14:18.042Z" hostname="todd.local" tests="11" failures="0" errors="0" skipped="0" time="0.169837584">
        <testcase classname="src/components/ChatInput.test.tsx" name="ChatInput &gt; renders textarea and send button" time="0.045589458">
        </testcase>
        <testcase classname="src/components/ChatInput.test.tsx" name="ChatInput &gt; calls onChange when typing" time="0.034813667">
        </testcase>
        <testcase classname="src/components/ChatInput.test.tsx" name="ChatInput &gt; calls onSend when Send button clicked" time="0.013407334">
        </testcase>
        <testcase classname="src/components/ChatInput.test.tsx" name="ChatInput &gt; Enter submits when multiline (Shift+Enter inserts newline)" time="0.012498833">
        </testcase>
        <testcase classname="src/components/ChatInput.test.tsx" name="ChatInput &gt; Shift+Enter inserts newline and does not submit" time="0.045549958">
        </testcase>
        <testcase classname="src/components/ChatInput.test.tsx" name="ChatInput &gt; disables send button when sendDisabled" time="0.003373584">
        </testcase>
        <testcase classname="src/components/ChatInput.test.tsx" name="ChatInput &gt; keeps input enabled when sendDisabled (user can compose next message)" time="0.002035583">
        </testcase>
        <testcase classname="src/components/ChatInput.test.tsx" name="ChatInput &gt; shows tooltip on disabled Send when sendDisabledTooltip is provided" time="0.003564084">
        </testcase>
        <testcase classname="src/components/ChatInput.test.tsx" name="ChatInput &gt; does not show sendDisabledTooltip when sendDisabled is false" time="0.003131959">
        </testcase>
        <testcase classname="src/components/ChatInput.test.tsx" name="ChatInput &gt; disables send button when value is empty" time="0.002908667">
        </testcase>
        <testcase classname="src/components/ChatInput.test.tsx" name="ChatInput &gt; has resize-none and overflow-y-auto for auto-expand up to 5 lines" time="0.002080458">
        </testcase>
    </testsuite>
    <testsuite name="src/components/ComplexityIcon.test.tsx" timestamp="2026-03-15T00:14:18.043Z" hostname="todd.local" tests="11" failures="0" errors="0" skipped="0" time="0.070743542">
        <testcase classname="src/components/ComplexityIcon.test.tsx" name="ComplexityIcon &gt; renders one blue dot for low (plan complexity)" time="0.040102542">
        </testcase>
        <testcase classname="src/components/ComplexityIcon.test.tsx" name="ComplexityIcon &gt; renders three yellow dots for high (task complexity 7)" time="0.00446375">
        </testcase>
        <testcase classname="src/components/ComplexityIcon.test.tsx" name="ComplexityIcon &gt; renders three yellow dots for medium (plan complexity)" time="0.003486792">
        </testcase>
        <testcase classname="src/components/ComplexityIcon.test.tsx" name="ComplexityIcon &gt; renders three yellow dots for very_high (plan complexity)" time="0.003140583">
        </testcase>
        <testcase classname="src/components/ComplexityIcon.test.tsx" name="ComplexityIcon &gt; renders one blue dot for task complexity 3 (simple)" time="0.003069042">
        </testcase>
        <testcase classname="src/components/ComplexityIcon.test.tsx" name="ComplexityIcon &gt; returns null when complexity is undefined" time="0.001002875">
        </testcase>
        <testcase classname="src/components/ComplexityIcon.test.tsx" name="ComplexityIcon &gt; applies sm size classes by default" time="0.002903833">
        </testcase>
        <testcase classname="src/components/ComplexityIcon.test.tsx" name="ComplexityIcon &gt; applies xs size classes" time="0.003126834">
        </testcase>
        <testcase classname="src/components/ComplexityIcon.test.tsx" name="ComplexityIcon &gt; applies md size classes" time="0.002848666">
        </testcase>
        <testcase classname="src/components/ComplexityIcon.test.tsx" name="ComplexityIcon &gt; applies custom className" time="0.002813333">
        </testcase>
        <testcase classname="src/components/ComplexityIcon.test.tsx" name="ComplexityIcon &gt; always includes shrink-0 to prevent flex squishing" time="0.00288475">
        </testcase>
    </testsuite>
    <testsuite name="src/components/ConnectionErrorBanner.test.tsx" timestamp="2026-03-15T00:14:18.044Z" hostname="todd.local" tests="9" failures="0" errors="0" skipped="0" time="3.106403">
        <testcase classname="src/components/ConnectionErrorBanner.test.tsx" name="ConnectionErrorBanner &gt; renders nothing when connectionError is false" time="0.015671375">
        </testcase>
        <testcase classname="src/components/ConnectionErrorBanner.test.tsx" name="ConnectionErrorBanner &gt; renders banner with exact message when connectionError is true" time="0.005594167">
        </testcase>
        <testcase classname="src/components/ConnectionErrorBanner.test.tsx" name="ConnectionErrorBanner &gt; shows countdown text &apos;Checking again in Xs&apos;" time="0.003238583">
        </testcase>
        <testcase classname="src/components/ConnectionErrorBanner.test.tsx" name="ConnectionErrorBanner &gt; banner has Check again button but no dismiss/close button (non-closable)" time="0.030956291">
        </testcase>
        <testcase classname="src/components/ConnectionErrorBanner.test.tsx" name="ConnectionErrorBanner &gt; banner has role alert" time="0.003979458">
        </testcase>
        <testcase classname="src/components/ConnectionErrorBanner.test.tsx" name="ConnectionErrorBanner &gt; auto-dismisses banner when backend becomes reachable (recovery poll succeeds)" time="0.006700917">
        </testcase>
        <testcase classname="src/components/ConnectionErrorBanner.test.tsx" name="ConnectionErrorBanner &gt; Check again button triggers immediate poll" time="0.020963084">
        </testcase>
        <testcase classname="src/components/ConnectionErrorBanner.test.tsx" name="ConnectionErrorBanner &gt; Check again button resets countdown to 3s" time="0.013948042">
        </testcase>
        <testcase classname="src/components/ConnectionErrorBanner.test.tsx" name="ConnectionErrorBanner &gt; keeps polling until backend responds when connectionError is true" time="3.004549583">
        </testcase>
    </testsuite>
    <testsuite name="src/components/CriticalStateView.test.tsx" timestamp="2026-03-15T00:14:18.044Z" hostname="todd.local" tests="6" failures="0" errors="0" skipped="0" time="0.064278667">
        <testcase classname="src/components/CriticalStateView.test.tsx" name="CriticalStateView &gt; renders one h1 heading and primary action" time="0.049650834">
        </testcase>
        <testcase classname="src/components/CriticalStateView.test.tsx" name="CriticalStateView &gt; uses aria-describedby and aria-labelledby for screen readers when summary provided" time="0.00207725">
        </testcase>
        <testcase classname="src/components/CriticalStateView.test.tsx" name="CriticalStateView &gt; ensures one h1 per view for clear heading hierarchy" time="0.001946459">
        </testcase>
        <testcase classname="src/components/CriticalStateView.test.tsx" name="CriticalStateView &gt; omits aria-describedby when summary is not provided" time="0.001321542">
        </testcase>
        <testcase classname="src/components/CriticalStateView.test.tsx" name="CriticalStateView &gt; renders as main landmark when role is main" time="0.0032825">
        </testcase>
        <testcase classname="src/components/CriticalStateView.test.tsx" name="CriticalStateView &gt; has exactly one primary action for clear scannable structure" time="0.005131625">
        </testcase>
    </testsuite>
    <testsuite name="src/components/CrossEpicConfirmModal.test.tsx" timestamp="2026-03-15T00:14:18.045Z" hostname="todd.local" tests="5" failures="0" errors="0" skipped="0" time="0.111332334">
        <testcase classname="src/components/CrossEpicConfirmModal.test.tsx" name="CrossEpicConfirmModal &gt; renders prerequisite plan names and message" time="0.024453541">
        </testcase>
        <testcase classname="src/components/CrossEpicConfirmModal.test.tsx" name="CrossEpicConfirmModal &gt; calls onConfirm when Proceed is clicked" time="0.051271083">
        </testcase>
        <testcase classname="src/components/CrossEpicConfirmModal.test.tsx" name="CrossEpicConfirmModal &gt; calls onCancel when Cancel is clicked" time="0.017989583">
        </testcase>
        <testcase classname="src/components/CrossEpicConfirmModal.test.tsx" name="CrossEpicConfirmModal &gt; calls onCancel when Escape is pressed" time="0.007516584">
        </testcase>
        <testcase classname="src/components/CrossEpicConfirmModal.test.tsx" name="CrossEpicConfirmModal &gt; shows Executing… when confirming" time="0.009186041">
        </testcase>
    </testsuite>
    <testsuite name="src/components/DatabaseStatusBanner.test.tsx" timestamp="2026-03-15T00:14:18.045Z" hostname="todd.local" tests="7" failures="0" errors="0" skipped="0" time="0.066913458">
        <testcase classname="src/components/DatabaseStatusBanner.test.tsx" name="DatabaseStatusBanner &gt; renders nothing when database is connected" time="0.016855292">
        </testcase>
        <testcase classname="src/components/DatabaseStatusBanner.test.tsx" name="DatabaseStatusBanner &gt; shows the unavailable message and settings link" time="0.031957125">
        </testcase>
        <testcase classname="src/components/DatabaseStatusBanner.test.tsx" name="DatabaseStatusBanner &gt; shows human-readable fallback when API returns no message" time="0.001967584">
        </testcase>
        <testcase classname="src/components/DatabaseStatusBanner.test.tsx" name="DatabaseStatusBanner &gt; shows reconnecting copy on project routes" time="0.004259">
        </testcase>
        <testcase classname="src/components/DatabaseStatusBanner.test.tsx" name="DatabaseStatusBanner &gt; hides when the server itself is unreachable" time="0.001603292">
        </testcase>
        <testcase classname="src/components/DatabaseStatusBanner.test.tsx" name="DatabaseStatusBanner &gt; deduplicates: dismisses connection-in-progress toasts when banner is shown" time="0.007462459">
        </testcase>
        <testcase classname="src/components/DatabaseStatusBanner.test.tsx" name="DatabaseStatusBanner &gt; hides when db-status transitions to ok (connection restored)" time="0.001934917">
        </testcase>
    </testsuite>
    <testsuite name="src/components/DatabaseUnavailableState.test.tsx" timestamp="2026-03-15T00:14:18.045Z" hostname="todd.local" tests="5" failures="0" errors="0" skipped="0" time="0.065079417">
        <testcase classname="src/components/DatabaseUnavailableState.test.tsx" name="DatabaseUnavailableState &gt; renders with one h1 heading and primary action" time="0.051283667">
        </testcase>
        <testcase classname="src/components/DatabaseUnavailableState.test.tsx" name="DatabaseUnavailableState &gt; displays the message and uses aria-describedby for screen readers" time="0.002934375">
        </testcase>
        <testcase classname="src/components/DatabaseUnavailableState.test.tsx" name="DatabaseUnavailableState &gt; renders as region landmark with clear structure" time="0.001937708">
        </testcase>
        <testcase classname="src/components/DatabaseUnavailableState.test.tsx" name="DatabaseUnavailableState &gt; has exactly one h1 per view for clear heading hierarchy" time="0.002442666">
        </testcase>
        <testcase classname="src/components/DatabaseUnavailableState.test.tsx" name="DatabaseUnavailableState &gt; has exactly one primary action for scannable structure" time="0.005705">
        </testcase>
    </testsuite>
    <testsuite name="src/components/DependencyGraph.test.tsx" timestamp="2026-03-15T00:14:18.046Z" hostname="todd.local" tests="17" failures="0" errors="0" skipped="0" time="1.268921958">
        <testcase classname="src/components/DependencyGraph.test.tsx" name="DependencyGraph &gt; renders &apos;No plans to display&apos; when graph is null" time="0.018051583">
        </testcase>
        <testcase classname="src/components/DependencyGraph.test.tsx" name="DependencyGraph &gt; renders &apos;No plans to display&apos; when graph is { plans: [], edges: [] }" time="0.001460333">
        </testcase>
        <testcase classname="src/components/DependencyGraph.test.tsx" name="DependencyGraph &gt; renders graph container with SVG when graph has plans" time="0.055645292">
            <system-err>
An update to DependencyGraph inside a test was not wrapped in act(...).

When testing, code that causes React state updates should be wrapped into act(...):

act(() =&gt; {
  /* fire events that update state */
});
/* assert on the output */

This ensures that you&apos;re testing the behavior the user would see in the browser. Learn more at https://react.dev/link/wrap-tests-with-act

            </system-err>
        </testcase>
        <testcase classname="src/components/DependencyGraph.test.tsx" name="DependencyGraph &gt; renders all plans on initial load without requiring user interaction" time="0.159097458">
            <system-err>
An update to DependencyGraph inside a test was not wrapped in act(...).

When testing, code that causes React state updates should be wrapped into act(...):

act(() =&gt; {
  /* fire events that update state */
});
/* assert on the output */

This ensures that you&apos;re testing the behavior the user would see in the browser. Learn more at https://react.dev/link/wrap-tests-with-act

An update to DependencyGraph inside a test was not wrapped in act(...).

When testing, code that causes React state updates should be wrapped into act(...):

act(() =&gt; {
  /* fire events that update state */
});
/* assert on the output */

This ensures that you&apos;re testing the behavior the user would see in the browser. Learn more at https://react.dev/link/wrap-tests-with-act

            </system-err>
        </testcase>
        <testcase classname="src/components/DependencyGraph.test.tsx" name="DependencyGraph &gt; runs layout on first load without requiring a click" time="0.057094583">
            <system-err>
An update to DependencyGraph inside a test was not wrapped in act(...).

When testing, code that causes React state updates should be wrapped into act(...):

act(() =&gt; {
  /* fire events that update state */
});
/* assert on the output */

This ensures that you&apos;re testing the behavior the user would see in the browser. Learn more at https://react.dev/link/wrap-tests-with-act
An update to DependencyGraph inside a test was not wrapped in act(...).

When testing, code that causes React state updates should be wrapped into act(...):

act(() =&gt; {
  /* fire events that update state */
});
/* assert on the output */

This ensures that you&apos;re testing the behavior the user would see in the browser. Learn more at https://react.dev/link/wrap-tests-with-act

            </system-err>
        </testcase>
        <testcase classname="src/components/DependencyGraph.test.tsx" name="DependencyGraph &gt; applies synchronous simulation positions to the DOM before any interaction" time="0.053516958">
            <system-err>
An update to DependencyGraph inside a test was not wrapped in act(...).

When testing, code that causes React state updates should be wrapped into act(...):

act(() =&gt; {
  /* fire events that update state */
});
/* assert on the output */

This ensures that you&apos;re testing the behavior the user would see in the browser. Learn more at https://react.dev/link/wrap-tests-with-act

An update to DependencyGraph inside a test was not wrapped in act(...).

When testing, code that causes React state updates should be wrapped into act(...):

act(() =&gt; {
  /* fire events that update state */
});
/* assert on the output */

This ensures that you&apos;re testing the behavior the user would see in the browser. Learn more at https://react.dev/link/wrap-tests-with-act

            </system-err>
        </testcase>
        <testcase classname="src/components/DependencyGraph.test.tsx" name="DependencyGraph &gt; calls onPlanClick when a plan node is clicked" time="0.159500375">
            <system-err>
An update to DependencyGraph inside a test was not wrapped in act(...).

When testing, code that causes React state updates should be wrapped into act(...):

act(() =&gt; {
  /* fire events that update state */
});
/* assert on the output */

This ensures that you&apos;re testing the behavior the user would see in the browser. Learn more at https://react.dev/link/wrap-tests-with-act

An update to DependencyGraph inside a test was not wrapped in act(...).

When testing, code that causes React state updates should be wrapped into act(...):

act(() =&gt; {
  /* fire events that update state */
});
/* assert on the output */

This ensures that you&apos;re testing the behavior the user would see in the browser. Learn more at https://react.dev/link/wrap-tests-with-act

            </system-err>
        </testcase>
        <testcase classname="src/components/DependencyGraph.test.tsx" name="DependencyGraph &gt; shows critical path legend when graph has critical path edges" time="0.05495925">
            <system-err>
An update to DependencyGraph inside a test was not wrapped in act(...).

When testing, code that causes React state updates should be wrapped into act(...):

act(() =&gt; {
  /* fire events that update state */
});
/* assert on the output */

This ensures that you&apos;re testing the behavior the user would see in the browser. Learn more at https://react.dev/link/wrap-tests-with-act

            </system-err>
        </testcase>
        <testcase classname="src/components/DependencyGraph.test.tsx" name="DependencyGraph &gt; does not show critical path legend when no critical path" time="0.054057542">
            <system-err>
An update to DependencyGraph inside a test was not wrapped in act(...).

When testing, code that causes React state updates should be wrapped into act(...):

act(() =&gt; {
  /* fire events that update state */
});
/* assert on the output */

This ensures that you&apos;re testing the behavior the user would see in the browser. Learn more at https://react.dev/link/wrap-tests-with-act

            </system-err>
        </testcase>
        <testcase classname="src/components/DependencyGraph.test.tsx" name="DependencyGraph &gt; renders node rects with fill and stroke from the start (not black during animation)" time="0.158027292">
            <system-err>
An update to DependencyGraph inside a test was not wrapped in act(...).

When testing, code that causes React state updates should be wrapped into act(...):

act(() =&gt; {
  /* fire events that update state */
});
/* assert on the output */

This ensures that you&apos;re testing the behavior the user would see in the browser. Learn more at https://react.dev/link/wrap-tests-with-act

An update to DependencyGraph inside a test was not wrapped in act(...).

When testing, code that causes React state updates should be wrapped into act(...):

act(() =&gt; {
  /* fire events that update state */
});
/* assert on the output */

This ensures that you&apos;re testing the behavior the user would see in the browser. Learn more at https://react.dev/link/wrap-tests-with-act

            </system-err>
        </testcase>
        <testcase classname="src/components/DependencyGraph.test.tsx" name="DependencyGraph &gt; uses theme tokens for node colors (theme-aware)" time="0.110230959">
            <system-err>
An update to DependencyGraph inside a test was not wrapped in act(...).

When testing, code that causes React state updates should be wrapped into act(...):

act(() =&gt; {
  /* fire events that update state */
});
/* assert on the output */

This ensures that you&apos;re testing the behavior the user would see in the browser. Learn more at https://react.dev/link/wrap-tests-with-act

An update to DependencyGraph inside a test was not wrapped in act(...).

When testing, code that causes React state updates should be wrapped into act(...):

act(() =&gt; {
  /* fire events that update state */
});
/* assert on the output */

This ensures that you&apos;re testing the behavior the user would see in the browser. Learn more at https://react.dev/link/wrap-tests-with-act

            </system-err>
        </testcase>
        <testcase classname="src/components/DependencyGraph.test.tsx" name="DependencyGraph &gt; does not rebuild the graph when container size changes" time="0.106205208">
            <system-err>
An update to DependencyGraph inside a test was not wrapped in act(...).

When testing, code that causes React state updates should be wrapped into act(...):

act(() =&gt; {
  /* fire events that update state */
});
/* assert on the output */

This ensures that you&apos;re testing the behavior the user would see in the browser. Learn more at https://react.dev/link/wrap-tests-with-act

An update to DependencyGraph inside a test was not wrapped in act(...).

When testing, code that causes React state updates should be wrapped into act(...):

act(() =&gt; {
  /* fire events that update state */
});
/* assert on the output */

This ensures that you&apos;re testing the behavior the user would see in the browser. Learn more at https://react.dev/link/wrap-tests-with-act

            </system-err>
        </testcase>
        <testcase classname="src/components/DependencyGraph.test.tsx" name="DependencyGraph &gt; does not rebuild the graph on subsequent resizes" time="0.122241084">
            <system-err>
An update to DependencyGraph inside a test was not wrapped in act(...).

When testing, code that causes React state updates should be wrapped into act(...):

act(() =&gt; {
  /* fire events that update state */
});
/* assert on the output */

This ensures that you&apos;re testing the behavior the user would see in the browser. Learn more at https://react.dev/link/wrap-tests-with-act

An update to DependencyGraph inside a test was not wrapped in act(...).

When testing, code that causes React state updates should be wrapped into act(...):

act(() =&gt; {
  /* fire events that update state */
});
/* assert on the output */

This ensures that you&apos;re testing the behavior the user would see in the browser. Learn more at https://react.dev/link/wrap-tests-with-act

            </system-err>
        </testcase>
        <testcase classname="src/components/DependencyGraph.test.tsx" name="DependencyGraph &gt; uses dark theme tokens when data-theme is dark" time="0.156911833">
            <system-err>
An update to DependencyGraph inside a test was not wrapped in act(...).

When testing, code that causes React state updates should be wrapped into act(...):

act(() =&gt; {
  /* fire events that update state */
});
/* assert on the output */

This ensures that you&apos;re testing the behavior the user would see in the browser. Learn more at https://react.dev/link/wrap-tests-with-act

An update to DependencyGraph inside a test was not wrapped in act(...).

When testing, code that causes React state updates should be wrapped into act(...):

act(() =&gt; {
  /* fire events that update state */
});
/* assert on the output */

This ensures that you&apos;re testing the behavior the user would see in the browser. Learn more at https://react.dev/link/wrap-tests-with-act

            </system-err>
        </testcase>
        <testcase classname="src/components/DependencyGraph.test.tsx" name="DependencyGraph &gt; adjustTransformForResize &gt; pans by half the dimension delta so view center stays centered" time="0.00035925">
        </testcase>
        <testcase classname="src/components/DependencyGraph.test.tsx" name="DependencyGraph &gt; adjustTransformForResize &gt; preserves existing pan and scale when resizing" time="0.000246625">
        </testcase>
        <testcase classname="src/components/DependencyGraph.test.tsx" name="DependencyGraph &gt; adjustTransformForResize &gt; handles shrink (negative delta) correctly" time="0.00030425">
        </testcase>
    </testsuite>
    <testsuite name="src/components/EpicCard.test.tsx" timestamp="2026-03-15T00:14:18.047Z" hostname="todd.local" tests="38" failures="0" errors="0" skipped="0" time="0.286528541">
        <testcase classname="src/components/EpicCard.test.tsx" name="EpicCard &gt; shows full-card loading overlay when isOptimistic" time="0.022102708">
        </testcase>
        <testcase classname="src/components/EpicCard.test.tsx" name="EpicCard &gt; hides Generate Tasks button when isOptimistic (planning, zero tasks)" time="0.004632791">
        </testcase>
        <testcase classname="src/components/EpicCard.test.tsx" name="EpicCard &gt; renders plan title and status" time="0.004138375">
        </testcase>
        <testcase classname="src/components/EpicCard.test.tsx" name="EpicCard &gt; renders progress bar with correct completion" time="0.027256459">
        </testcase>
        <testcase classname="src/components/EpicCard.test.tsx" name="EpicCard &gt; renders done count text" time="0.003562125">
        </testcase>
        <testcase classname="src/components/EpicCard.test.tsx" name="EpicCard &gt; renders nested subtasks with status indicators" time="0.005291166">
        </testcase>
        <testcase classname="src/components/EpicCard.test.tsx" name="EpicCard &gt; shows Self-improvement badge for tasks with source self-improvement" time="0.006131958">
        </testcase>
        <testcase classname="src/components/EpicCard.test.tsx" name="EpicCard &gt; calls onSelect when card is clicked" time="0.018635958">
        </testcase>
        <testcase classname="src/components/EpicCard.test.tsx" name="EpicCard &gt; shows Generate Tasks button when plan has zero tasks" time="0.002900209">
        </testcase>
        <testcase classname="src/components/EpicCard.test.tsx" name="EpicCard &gt; shows Generate Tasks when plan has zero implementation tasks" time="0.002184">
        </testcase>
        <testcase classname="src/components/EpicCard.test.tsx" name="EpicCard &gt; when autoExecutePlans is true and plan has zero tasks, shows Execute button instead of Generate Tasks" time="0.002307917">
        </testcase>
        <testcase classname="src/components/EpicCard.test.tsx" name="EpicCard &gt; calls onPlanTasks when Generate Tasks is clicked" time="0.0130685">
        </testcase>
        <testcase classname="src/components/EpicCard.test.tsx" name="EpicCard &gt; hides Generate Tasks button and shows only loading spinner during plan generation" time="0.00241575">
        </testcase>
        <testcase classname="src/components/EpicCard.test.tsx" name="EpicCard &gt; hides Generate Tasks and Execute when plan status is building" time="0.002689334">
        </testcase>
        <testcase classname="src/components/EpicCard.test.tsx" name="EpicCard &gt; shows In review badge and message when plan status is in_review" time="0.002530625">
        </testcase>
        <testcase classname="src/components/EpicCard.test.tsx" name="EpicCard &gt; shows Mark complete button when in_review and onMarkComplete provided" time="0.012340791">
        </testcase>
        <testcase classname="src/components/EpicCard.test.tsx" name="EpicCard &gt; shows Marking complete… and disables button when in_review and isMarkCompletePending" time="0.002706666">
        </testcase>
        <testcase classname="src/components/EpicCard.test.tsx" name="EpicCard &gt; shows Review in Evaluate button when in_review and onGoToEvaluate provided" time="0.0118995">
        </testcase>
        <testcase classname="src/components/EpicCard.test.tsx" name="EpicCard &gt; shows Execute button when plan status is planning and has child tasks" time="0.017243625">
        </testcase>
        <testcase classname="src/components/EpicCard.test.tsx" name="EpicCard &gt; shows Execute vN when plan has lastExecutedVersionNumber" time="0.012433166">
        </testcase>
        <testcase classname="src/components/EpicCard.test.tsx" name="EpicCard &gt; calls onShip when Execute is clicked" time="0.020253708">
        </testcase>
        <testcase classname="src/components/EpicCard.test.tsx" name="EpicCard &gt; shows Re-execute button when plan is complete and modified after ship" time="0.007842917">
        </testcase>
        <testcase classname="src/components/EpicCard.test.tsx" name="EpicCard &gt; calls onReship when Re-execute is clicked" time="0.015220916">
        </testcase>
        <testcase classname="src/components/EpicCard.test.tsx" name="EpicCard &gt; renders Progress label and percentage when tasks exist" time="0.005429792">
        </testcase>
        <testcase classname="src/components/EpicCard.test.tsx" name="EpicCard &gt; formats plan title with capitalized words" time="0.00246025">
        </testcase>
        <testcase classname="src/components/EpicCard.test.tsx" name="EpicCard &gt; handles zero task count without error and hides progress" time="0.002129167">
        </testcase>
        <testcase classname="src/components/EpicCard.test.tsx" name="EpicCard &gt; shows spinner inside Execute button when plan is executing" time="0.003857959">
        </testcase>
        <testcase classname="src/components/EpicCard.test.tsx" name="EpicCard &gt; does not show spinner when a different plan is executing" time="0.0035115">
        </testcase>
        <testcase classname="src/components/EpicCard.test.tsx" name="EpicCard &gt; disables Execute button when any plan is executing" time="0.002932916">
        </testcase>
        <testcase classname="src/components/EpicCard.test.tsx" name="EpicCard &gt; shows inline error when executeError matches this plan" time="0.004970458">
        </testcase>
        <testcase classname="src/components/EpicCard.test.tsx" name="EpicCard &gt; does not show inline error when executeError is for a different plan" time="0.003337083">
        </testcase>
        <testcase classname="src/components/EpicCard.test.tsx" name="EpicCard &gt; calls onClearError when inline error dismiss button is clicked" time="0.021710708">
        </testcase>
        <testcase classname="src/components/EpicCard.test.tsx" name="EpicCard &gt; does not show inline error when executeError is null" time="0.003031">
        </testcase>
        <testcase classname="src/components/EpicCard.test.tsx" name="EpicCard &gt; Execute button is enabled when no plan is executing and no error" time="0.00268475">
        </testcase>
        <testcase classname="src/components/EpicCard.test.tsx" name="EpicCard &gt; shows Generate Tasks button when plan has no tasks" time="0.00193075">
        </testcase>
        <testcase classname="src/components/EpicCard.test.tsx" name="EpicCard &gt; does not call onShip when plan has no tasks (Generate Tasks button only)" time="0.001578958">
        </testcase>
        <testcase classname="src/components/EpicCard.test.tsx" name="EpicCard &gt; shows all tasks for epic from Redux (epic-blocked: filter by epicId only)" time="0.003226917">
        </testcase>
        <testcase classname="src/components/EpicCard.test.tsx" name="EpicCard &gt; shows friendly message when executeError contains no epic" time="0.002768084">
        </testcase>
    </testsuite>
    <testsuite name="src/components/ErrorBoundary.test.tsx" timestamp="2026-03-15T00:14:18.049Z" hostname="todd.local" tests="5" failures="0" errors="0" skipped="0" time="0.09131375">
        <testcase classname="src/components/ErrorBoundary.test.tsx" name="ErrorBoundary &gt; renders the default fallback UI when a child throws" time="0.056429542">
        </testcase>
        <testcase classname="src/components/ErrorBoundary.test.tsx" name="ErrorBoundary &gt; uses aria-describedby for screen readers" time="0.004023458">
        </testcase>
        <testcase classname="src/components/ErrorBoundary.test.tsx" name="ErrorBoundary &gt; renders a custom fallback when provided" time="0.001958958">
        </testcase>
        <testcase classname="src/components/ErrorBoundary.test.tsx" name="ErrorBoundary &gt; has exactly one h1 per view and one primary action for scannable structure" time="0.006216083">
        </testcase>
        <testcase classname="src/components/ErrorBoundary.test.tsx" name="ErrorBoundary &gt; reloads the page when the reload button is clicked" time="0.021845083">
        </testcase>
    </testsuite>
    <testsuite name="src/components/FeedbackTaskChip.test.tsx" timestamp="2026-03-15T00:14:18.050Z" hostname="todd.local" tests="3" failures="0" errors="0" skipped="0" time="0.049524417">
        <testcase classname="src/components/FeedbackTaskChip.test.tsx" name="FeedbackTaskChip &gt; shows live task status and updates when task state changes via Redux" time="0.029474625">
        </testcase>
        <testcase classname="src/components/FeedbackTaskChip.test.tsx" name="FeedbackTaskChip &gt; reflects full state transition (backlog -&gt; in_progress -&gt; done)" time="0.01016025">
        </testcase>
        <testcase classname="src/components/FeedbackTaskChip.test.tsx" name="FeedbackTaskChip &gt; updates only the affected chip when one of two tasks changes (isolation)" time="0.009155584">
        </testcase>
    </testsuite>
    <testsuite name="src/components/GlobalActiveAgentsList.test.tsx" timestamp="2026-03-15T00:14:18.050Z" hostname="todd.local" tests="15" failures="0" errors="0" skipped="0" time="0.478818375">
        <testcase classname="src/components/GlobalActiveAgentsList.test.tsx" name="GlobalActiveAgentsList &gt; renders button agent icons at 1.5rem with 2px left margin when display mode is both" time="0.0602565">
        </testcase>
        <testcase classname="src/components/GlobalActiveAgentsList.test.tsx" name="GlobalActiveAgentsList &gt; renders dropdown agent icons at 3.01875rem with 2px left margin" time="0.030552167">
        </testcase>
        <testcase classname="src/components/GlobalActiveAgentsList.test.tsx" name="GlobalActiveAgentsList &gt; renders agent icons in canonical README/PRD order in both button and dropdown" time="0.022361958">
        </testcase>
        <testcase classname="src/components/GlobalActiveAgentsList.test.tsx" name="GlobalActiveAgentsList &gt; dropdown has border for visual distinction from navbar" time="0.017249041">
        </testcase>
        <testcase classname="src/components/GlobalActiveAgentsList.test.tsx" name="GlobalActiveAgentsList &gt; shows agent name in parentheses after role when name is available" time="0.018078459">
        </testcase>
        <testcase classname="src/components/GlobalActiveAgentsList.test.tsx" name="GlobalActiveAgentsList &gt; shows role only when agent name is absent" time="0.017533083">
        </testcase>
        <testcase classname="src/components/GlobalActiveAgentsList.test.tsx" name="GlobalActiveAgentsList &gt; navigates to Sketch page when clicking Dreamer agent" time="0.043036334">
        </testcase>
        <testcase classname="src/components/GlobalActiveAgentsList.test.tsx" name="GlobalActiveAgentsList &gt; navigates to Plan page with plan param when clicking Auditor agent (deep-link to Plan view)" time="0.037238875">
        </testcase>
        <testcase classname="src/components/GlobalActiveAgentsList.test.tsx" name="GlobalActiveAgentsList &gt; dropdown agent items have visible hover background and cursor pointer for clickability feedback" time="0.024282625">
        </testcase>
        <testcase classname="src/components/GlobalActiveAgentsList.test.tsx" name="GlobalActiveAgentsList &gt; shows agent role description as tooltip on dropdown item hover" time="0.02412675">
        </testcase>
        <testcase classname="src/components/GlobalActiveAgentsList.test.tsx" name="GlobalActiveAgentsList &gt; does not flash loading spinner in dropdown when opening after data is cached" time="0.021383792">
            <system-err>
An update to GlobalActiveAgentsList inside a test was not wrapped in act(...).

When testing, code that causes React state updates should be wrapped into act(...):

act(() =&gt; {
  /* fire events that update state */
});
/* assert on the output */

This ensures that you&apos;re testing the behavior the user would see in the browser. Learn more at https://react.dev/link/wrap-tests-with-act

            </system-err>
        </testcase>
        <testcase classname="src/components/GlobalActiveAgentsList.test.tsx" name="GlobalActiveAgentsList &gt; shows Suspended instead of elapsed time for suspended agents" time="0.0183735">
        </testcase>
        <testcase classname="src/components/GlobalActiveAgentsList.test.tsx" name="GlobalActiveAgentsList &gt; shows confirmation dialog when Kill button is clicked" time="0.042011958">
        </testcase>
        <testcase classname="src/components/GlobalActiveAgentsList.test.tsx" name="GlobalActiveAgentsList &gt; calls kill API when Confirm is clicked in dialog" time="0.065088375">
        </testcase>
        <testcase classname="src/components/GlobalActiveAgentsList.test.tsx" name="GlobalActiveAgentsList &gt; skips confirmation dialog when opensprint.killAgentConfirmDisabled is true" time="0.03628325">
        </testcase>
    </testsuite>
    <testsuite name="src/components/GlobalKeyboardShortcuts.test.tsx" timestamp="2026-03-15T00:14:18.051Z" hostname="todd.local" tests="20" failures="0" errors="0" skipped="0" time="0.118481417">
        <testcase classname="src/components/GlobalKeyboardShortcuts.test.tsx" name="GlobalKeyboardShortcuts &gt; 1–5 switch to Sketch/Plan/Execute/Evaluate/Deliver when on a project" time="0.030650333">
        </testcase>
        <testcase classname="src/components/GlobalKeyboardShortcuts.test.tsx" name="GlobalKeyboardShortcuts &gt; ~ (backquote) navigates to home" time="0.003489792">
        </testcase>
        <testcase classname="src/components/GlobalKeyboardShortcuts.test.tsx" name="GlobalKeyboardShortcuts &gt; phase shortcuts require no modifier (Cmd+1 does not navigate)" time="0.00290425">
        </testcase>
        <testcase classname="src/components/GlobalKeyboardShortcuts.test.tsx" name="GlobalKeyboardShortcuts &gt; Escape from project route opens project settings (same as settings icon)" time="0.004366">
        </testcase>
        <testcase classname="src/components/GlobalKeyboardShortcuts.test.tsx" name="GlobalKeyboardShortcuts &gt; Escape from outside project opens global settings (same as settings icon)" time="0.003336334">
        </testcase>
        <testcase classname="src/components/GlobalKeyboardShortcuts.test.tsx" name="GlobalKeyboardShortcuts &gt; Escape from project settings page stays in project settings" time="0.003278667">
        </testcase>
        <testcase classname="src/components/GlobalKeyboardShortcuts.test.tsx" name="GlobalKeyboardShortcuts &gt; Escape does not open settings when focus is in an input" time="0.005893958">
        </testcase>
        <testcase classname="src/components/GlobalKeyboardShortcuts.test.tsx" name="GlobalKeyboardShortcuts &gt; Escape when a modal is open does not open settings (modal can close instead)" time="0.024266917">
        </testcase>
        <testcase classname="src/components/GlobalKeyboardShortcuts.test.tsx" name="GlobalKeyboardShortcuts &gt; ? opens project help when on a project route (same context as help icon)" time="0.00367725">
        </testcase>
        <testcase classname="src/components/GlobalKeyboardShortcuts.test.tsx" name="GlobalKeyboardShortcuts &gt; F1 opens project help when on a project route (same context as help icon)" time="0.003386583">
        </testcase>
        <testcase classname="src/components/GlobalKeyboardShortcuts.test.tsx" name="GlobalKeyboardShortcuts &gt; ? opens global help when not in a project" time="0.003161958">
        </testcase>
        <testcase classname="src/components/GlobalKeyboardShortcuts.test.tsx" name="GlobalKeyboardShortcuts &gt; F1 opens global help when not in a project" time="0.002881042">
        </testcase>
[...]
        </testcase>
        <testcase classname="src/store/slices/planSlice.test.ts" name="planSlice &gt; generatePlan thunk &gt; sets error and clears generating on rejected" time="0.000389666">
        </testcase>
        <testcase classname="src/store/slices/planSlice.test.ts" name="planSlice &gt; generatePlan thunk &gt; uses fallback error message when error has no message" time="0.000291">
        </testcase>
        <testcase classname="src/store/slices/planSlice.test.ts" name="planSlice &gt; executePlan thunk &gt; sets executingPlanId on pending" time="0.000404417">
        </testcase>
        <testcase classname="src/store/slices/planSlice.test.ts" name="planSlice &gt; executePlan thunk &gt; clears executingPlanId on fulfilled" time="0.000391209">
        </testcase>
        <testcase classname="src/store/slices/planSlice.test.ts" name="planSlice &gt; executePlan thunk &gt; passes prerequisitePlanIds when provided" time="0.000350333">
        </testcase>
        <testcase classname="src/store/slices/planSlice.test.ts" name="planSlice &gt; executePlan thunk &gt; passes version_number when provided" time="0.000314292">
        </testcase>
        <testcase classname="src/store/slices/planSlice.test.ts" name="planSlice &gt; executePlan thunk &gt; passes both prerequisitePlanIds and version_number when provided" time="0.000365125">
        </testcase>
        <testcase classname="src/store/slices/planSlice.test.ts" name="planSlice &gt; executePlan thunk &gt; clears executingPlanId and sets error on rejected" time="0.000371333">
        </testcase>
        <testcase classname="src/store/slices/planSlice.test.ts" name="planSlice &gt; executePlan thunk &gt; sets executeError with planId and message on rejected" time="0.000326041">
        </testcase>
        <testcase classname="src/store/slices/planSlice.test.ts" name="planSlice &gt; executePlan thunk &gt; clears executeError on next successful execution" time="0.000424417">
        </testcase>
        <testcase classname="src/store/slices/planSlice.test.ts" name="planSlice &gt; executePlan thunk &gt; uses fallback error message when error has no message" time="0.000312166">
        </testcase>
        <testcase classname="src/store/slices/planSlice.test.ts" name="planSlice &gt; reExecutePlan thunk &gt; sets reExecutingPlanId on pending" time="0.000320458">
        </testcase>
        <testcase classname="src/store/slices/planSlice.test.ts" name="planSlice &gt; reExecutePlan thunk &gt; clears reExecutingPlanId on fulfilled" time="0.000287625">
        </testcase>
        <testcase classname="src/store/slices/planSlice.test.ts" name="planSlice &gt; reExecutePlan thunk &gt; clears reExecutingPlanId and sets error on rejected" time="0.000613792">
        </testcase>
        <testcase classname="src/store/slices/planSlice.test.ts" name="planSlice &gt; reExecutePlan thunk &gt; uses fallback error message when error has no message" time="0.0004225">
        </testcase>
        <testcase classname="src/store/slices/planSlice.test.ts" name="planSlice &gt; planTasks thunk &gt; adds planId to planTasksPlanIds on pending and removes on fulfilled" time="0.000842167">
        </testcase>
        <testcase classname="src/store/slices/planSlice.test.ts" name="planSlice &gt; planTasks thunk &gt; updates plan in state on fulfilled" time="0.000370916">
        </testcase>
        <testcase classname="src/store/slices/planSlice.test.ts" name="planSlice &gt; planTasks thunk &gt; sets executeError on rejected" time="0.00051275">
        </testcase>
        <testcase classname="src/store/slices/planSlice.test.ts" name="planSlice &gt; planTasks thunk &gt; clears executeError for same plan on fulfilled" time="0.000572708">
        </testcase>
        <testcase classname="src/store/slices/planSlice.test.ts" name="planSlice &gt; fetchPlanChat thunk &gt; stores chat messages keyed by context on fulfilled" time="0.000420375">
        </testcase>
        <testcase classname="src/store/slices/planSlice.test.ts" name="planSlice &gt; fetchPlanChat thunk &gt; uses empty array when messages missing" time="0.000220208">
        </testcase>
        <testcase classname="src/store/slices/planSlice.test.ts" name="planSlice &gt; fetchPlanChat thunk &gt; stores messages for multiple contexts independently" time="0.000379834">
        </testcase>
        <testcase classname="src/store/slices/planSlice.test.ts" name="planSlice &gt; fetchPlanChat thunk &gt; does not overwrite when stale fetch returns fewer messages than optimistic (race fix)" time="0.000464333">
        </testcase>
        <testcase classname="src/store/slices/planSlice.test.ts" name="planSlice &gt; fetchPlanChat thunk &gt; sets backgroundError on rejected so user knows chat history failed to load" time="0.000272667">
        </testcase>
        <testcase classname="src/store/slices/planSlice.test.ts" name="planSlice &gt; sendPlanMessage thunk &gt; adds user message optimistically and assistant message on fulfilled" time="0.000450667">
        </testcase>
        <testcase classname="src/store/slices/planSlice.test.ts" name="planSlice &gt; sendPlanMessage thunk &gt; creates context array if not present" time="0.000343208">
        </testcase>
        <testcase classname="src/store/slices/planSlice.test.ts" name="planSlice &gt; sendPlanMessage thunk &gt; sets error on rejected" time="0.000434709">
        </testcase>
        <testcase classname="src/store/slices/planSlice.test.ts" name="planSlice &gt; sendPlanMessage thunk &gt; rolls back optimistic user message on rejected" time="0.000395208">
        </testcase>
        <testcase classname="src/store/slices/planSlice.test.ts" name="planSlice &gt; sendPlanMessage thunk &gt; uses fallback error message when error has no message" time="0.00032775">
        </testcase>
        <testcase classname="src/store/slices/planSlice.test.ts" name="planSlice &gt; sendPlanMessage thunk &gt; messages persist: fetchPlanChat after send returns server state" time="0.000490375">
        </testcase>
        <testcase classname="src/store/slices/planSlice.test.ts" name="planSlice &gt; fetchSinglePlan thunk &gt; updates plan in plans array when found" time="0.000426792">
        </testcase>
        <testcase classname="src/store/slices/planSlice.test.ts" name="planSlice &gt; fetchSinglePlan thunk &gt; does not add plan when not in array" time="0.000327125">
        </testcase>
        <testcase classname="src/store/slices/planSlice.test.ts" name="planSlice &gt; updatePlan thunk &gt; updates plan in plans array when fulfilled" time="0.00058925">
        </testcase>
        <testcase classname="src/store/slices/planSlice.test.ts" name="planSlice &gt; updatePlan thunk &gt; does not add plan when not in array" time="0.000425334">
        </testcase>
        <testcase classname="src/store/slices/planSlice.test.ts" name="planSlice &gt; archivePlan thunk &gt; sets archivingPlanId on pending" time="0.000320083">
        </testcase>
        <testcase classname="src/store/slices/planSlice.test.ts" name="planSlice &gt; archivePlan thunk &gt; clears archivingPlanId on fulfilled" time="0.000265375">
        </testcase>
        <testcase classname="src/store/slices/planSlice.test.ts" name="planSlice &gt; archivePlan thunk &gt; clears archivingPlanId and sets error on rejected" time="0.000331125">
        </testcase>
    </testsuite>
    <testsuite name="src/store/slices/prdChatSliceFactory.test.ts" timestamp="2026-03-15T00:14:18.172Z" hostname="todd.local" tests="3" failures="0" errors="0" skipped="0" time="0.0041775">
        <testcase classname="src/store/slices/prdChatSliceFactory.test.ts" name="createPrdChatSlice &gt; produces slice with correct name for sketch" time="0.00125625">
        </testcase>
        <testcase classname="src/store/slices/prdChatSliceFactory.test.ts" name="createPrdChatSlice &gt; produces thunks with correct action type prefixes" time="0.000186541">
        </testcase>
        <testcase classname="src/store/slices/prdChatSliceFactory.test.ts" name="createPrdChatSlice &gt; produces independent slices per name" time="0.002095375">
        </testcase>
    </testsuite>
    <testsuite name="src/store/slices/projectSlice.test.ts" timestamp="2026-03-15T00:14:18.172Z" hostname="todd.local" tests="3" failures="0" errors="0" skipped="0" time="0.00442225">
        <testcase classname="src/store/slices/projectSlice.test.ts" name="projectSlice &gt; initial state &gt; has correct initial state" time="0.002584209">
        </testcase>
        <testcase classname="src/store/slices/projectSlice.test.ts" name="projectSlice &gt; resetProject &gt; resets state to initial values" time="0.000597083">
        </testcase>
        <testcase classname="src/store/slices/projectSlice.test.ts" name="projectSlice &gt; resetProject &gt; clears preloaded project data" time="0.000561916">
        </testcase>
    </testsuite>
    <testsuite name="src/store/slices/routeSlice.test.ts" timestamp="2026-03-15T00:14:18.173Z" hostname="todd.local" tests="7" failures="0" errors="0" skipped="0" time="0.00577625">
        <testcase classname="src/store/slices/routeSlice.test.ts" name="routeSlice &gt; initial state has projectId and phase null" time="0.002518292">
        </testcase>
        <testcase classname="src/store/slices/routeSlice.test.ts" name="routeSlice &gt; setRoute sets projectId and phase" time="0.001041125">
        </testcase>
        <testcase classname="src/store/slices/routeSlice.test.ts" name="routeSlice &gt; setRoute with phase null (e.g. settings) keeps projectId" time="0.000348625">
        </testcase>
        <testcase classname="src/store/slices/routeSlice.test.ts" name="routeSlice &gt; setRoute clears both when navigating away" time="0.000198916">
        </testcase>
        <testcase classname="src/store/slices/routeSlice.test.ts" name="routeSlice &gt; setRoute updates phase when navigating between phases" time="0.000394459">
        </testcase>
        <testcase classname="src/store/slices/routeSlice.test.ts" name="routeSlice &gt; sync from ProjectShell: navigating to /projects/foo/plan updates store to projectId=foo, phase=plan" time="0.000156791">
        </testcase>
        <testcase classname="src/store/slices/routeSlice.test.ts" name="routeSlice &gt; sync from ProjectShell: navigating to /projects/foo/settings updates to phase=null" time="0.000411875">
        </testcase>
    </testsuite>
    <testsuite name="src/store/slices/sketchSlice.test.ts" timestamp="2026-03-15T00:14:18.173Z" hostname="todd.local" tests="27" failures="0" errors="0" skipped="0" time="0.0344005">
        <testcase classname="src/store/slices/sketchSlice.test.ts" name="sketchSlice &gt; initial state &gt; has correct initial state" time="0.003226125">
        </testcase>
        <testcase classname="src/store/slices/sketchSlice.test.ts" name="sketchSlice &gt; reducers &gt; addUserMessage appends message" time="0.001496458">
        </testcase>
        <testcase classname="src/store/slices/sketchSlice.test.ts" name="sketchSlice &gt; reducers &gt; setSketchError sets error" time="0.000348167">
        </testcase>
        <testcase classname="src/store/slices/sketchSlice.test.ts" name="sketchSlice &gt; reducers &gt; setPrdContent sets PRD content" time="0.000201458">
        </testcase>
        <testcase classname="src/store/slices/sketchSlice.test.ts" name="sketchSlice &gt; reducers &gt; setPrdHistory sets PRD history" time="0.000195917">
        </testcase>
        <testcase classname="src/store/slices/sketchSlice.test.ts" name="sketchSlice &gt; reducers &gt; resetSketch resets to initial state" time="0.00040075">
        </testcase>
        <testcase classname="src/store/slices/sketchSlice.test.ts" name="sketchSlice &gt; fetchSketchChat thunk &gt; stores messages on fulfilled" time="0.001349208">
        </testcase>
        <testcase classname="src/store/slices/sketchSlice.test.ts" name="sketchSlice &gt; fetchSketchChat thunk &gt; uses empty array when messages missing" time="0.000266333">
        </testcase>
        <testcase classname="src/store/slices/sketchSlice.test.ts" name="sketchSlice &gt; fetchSketchChat thunk &gt; messages persist: fetchSketchChat after send returns server state" time="0.000895917">
        </testcase>
        <testcase classname="src/store/slices/sketchSlice.test.ts" name="sketchSlice &gt; fetchPrd thunk &gt; stores parsed PRD sections on fulfilled" time="0.000495708">
        </testcase>
        <testcase classname="src/store/slices/sketchSlice.test.ts" name="sketchSlice &gt; fetchPrd thunk &gt; sets prdContent to {} when PRD not found (404)" time="0.004565917">
        </testcase>
        <testcase classname="src/store/slices/sketchSlice.test.ts" name="sketchSlice &gt; fetchPrdHistory thunk &gt; stores history on fulfilled" time="0.000419625">
        </testcase>
        <testcase classname="src/store/slices/sketchSlice.test.ts" name="sketchSlice &gt; fetchPrdHistory thunk &gt; uses empty array when data is null" time="0.000262875">
        </testcase>
        <testcase classname="src/store/slices/sketchSlice.test.ts" name="sketchSlice &gt; sendSketchMessage thunk &gt; sets sendingChat true on pending" time="0.0003655">
        </testcase>
        <testcase classname="src/store/slices/sketchSlice.test.ts" name="sketchSlice &gt; sendSketchMessage thunk &gt; appends assistant message and clears sendingChat on fulfilled" time="0.000457041">
        </testcase>
        <testcase classname="src/store/slices/sketchSlice.test.ts" name="sketchSlice &gt; sendSketchMessage thunk &gt; optimistically applies prdChanges from Dreamer response to prdContent" time="0.000388917">
        </testcase>
        <testcase classname="src/store/slices/sketchSlice.test.ts" name="sketchSlice &gt; sendSketchMessage thunk &gt; applies prdChanges when prdContent is empty (first Dreamer response)" time="0.00042025">
        </testcase>
        <testcase classname="src/store/slices/sketchSlice.test.ts" name="sketchSlice &gt; sendSketchMessage thunk &gt; sets error on rejected" time="0.000507542">
        </testcase>
        <testcase classname="src/store/slices/sketchSlice.test.ts" name="sketchSlice &gt; sendSketchMessage thunk &gt; uses fallback error message when error has no message" time="0.000374584">
        </testcase>
        <testcase classname="src/store/slices/sketchSlice.test.ts" name="sketchSlice &gt; savePrdSection thunk &gt; adds section to savingSections on pending" time="0.000623709">
        </testcase>
        <testcase classname="src/store/slices/sketchSlice.test.ts" name="sketchSlice &gt; savePrdSection thunk &gt; removes section from savingSections on fulfilled" time="0.000408542">
        </testcase>
        <testcase classname="src/store/slices/sketchSlice.test.ts" name="sketchSlice &gt; savePrdSection thunk &gt; removes section from savingSections and sets error on rejected" time="0.000470167">
        </testcase>
        <testcase classname="src/store/slices/sketchSlice.test.ts" name="sketchSlice &gt; uploadPrdFile thunk &gt; sends chat for .md file and appends message on fulfilled" time="0.004870875">
        </testcase>
        <testcase classname="src/store/slices/sketchSlice.test.ts" name="sketchSlice &gt; uploadPrdFile thunk &gt; applies prdChanges from Dreamer response to prdContent on upload" time="0.000647083">
        </testcase>
        <testcase classname="src/store/slices/sketchSlice.test.ts" name="sketchSlice &gt; uploadPrdFile thunk &gt; sets sendingChat true on pending" time="0.000474917">
        </testcase>
        <testcase classname="src/store/slices/sketchSlice.test.ts" name="sketchSlice &gt; uploadPrdFile thunk &gt; sets error on rejected" time="0.000563125">
        </testcase>
        <testcase classname="src/store/slices/sketchSlice.test.ts" name="sketchSlice &gt; uploadPrdFile thunk &gt; throws for unsupported file type" time="0.0085975">
        </testcase>
    </testsuite>
    <testsuite name="src/store/slices/unreadPhaseSlice.test.ts" timestamp="2026-03-15T00:14:18.174Z" hostname="todd.local" tests="11" failures="0" errors="0" skipped="0" time="0.007116584">
        <testcase classname="src/store/slices/unreadPhaseSlice.test.ts" name="unreadPhaseSlice &gt; reducers &gt; initial state is empty" time="0.002852458">
        </testcase>
        <testcase classname="src/store/slices/unreadPhaseSlice.test.ts" name="unreadPhaseSlice &gt; reducers &gt; setPhaseUnread sets the flag for that project/phase" time="0.000950583">
        </testcase>
        <testcase classname="src/store/slices/unreadPhaseSlice.test.ts" name="unreadPhaseSlice &gt; reducers &gt; setPhaseUnread can set multiple phases for same project" time="0.000489667">
        </testcase>
        <testcase classname="src/store/slices/unreadPhaseSlice.test.ts" name="unreadPhaseSlice &gt; reducers &gt; clearPhaseUnread clears the flag for that project/phase" time="0.000283042">
        </testcase>
        <testcase classname="src/store/slices/unreadPhaseSlice.test.ts" name="unreadPhaseSlice &gt; reducers &gt; clearPhaseUnread removes project entry when last phase cleared" time="0.000252084">
        </testcase>
        <testcase classname="src/store/slices/unreadPhaseSlice.test.ts" name="unreadPhaseSlice &gt; reducers &gt; clearPhaseUnread is no-op when project or phase not set" time="0.000212792">
        </testcase>
        <testcase classname="src/store/slices/unreadPhaseSlice.test.ts" name="unreadPhaseSlice &gt; reducers &gt; multiple projects have independent flags" time="0.000411834">
        </testcase>
        <testcase classname="src/store/slices/unreadPhaseSlice.test.ts" name="unreadPhaseSlice &gt; selectPhaseUnread &gt; returns all false for unknown project" time="0.000371375">
        </testcase>
        <testcase classname="src/store/slices/unreadPhaseSlice.test.ts" name="unreadPhaseSlice &gt; selectPhaseUnread &gt; returns flags for existing project" time="0.000143708">
        </testcase>
        <testcase classname="src/store/slices/unreadPhaseSlice.test.ts" name="unreadPhaseSlice &gt; selectPhaseUnread &gt; returns all false for project with no flags after clear" time="0.000183334">
        </testcase>
        <testcase classname="src/store/slices/unreadPhaseSlice.test.ts" name="unreadPhaseSlice &gt; selectPhaseUnread &gt; returns stable reference when inputs unchanged (memoization)" time="0.000202208">
        </testcase>
    </testsuite>
    <testsuite name="src/store/slices/websocketSlice.test.ts" timestamp="2026-03-15T00:14:18.175Z" hostname="todd.local" tests="7" failures="0" errors="0" skipped="0" time="0.006606542">
        <testcase classname="src/store/slices/websocketSlice.test.ts" name="websocketSlice &gt; initial state &gt; has correct initial state" time="0.002616375">
        </testcase>
        <testcase classname="src/store/slices/websocketSlice.test.ts" name="websocketSlice &gt; setConnected &gt; sets connected to true" time="0.001046709">
        </testcase>
        <testcase classname="src/store/slices/websocketSlice.test.ts" name="websocketSlice &gt; setConnected &gt; sets connected to false" time="0.000406125">
        </testcase>
        <testcase classname="src/store/slices/websocketSlice.test.ts" name="websocketSlice &gt; setDeliverToast &gt; stores deliver toast" time="0.000623583">
        </testcase>
        <testcase classname="src/store/slices/websocketSlice.test.ts" name="websocketSlice &gt; setDeliverToast &gt; clears deliver toast when null passed" time="0.000345292">
        </testcase>
        <testcase classname="src/store/slices/websocketSlice.test.ts" name="websocketSlice &gt; clearDeliverToast &gt; clears deliverToast to null" time="0.000262708">
        </testcase>
        <testcase classname="src/store/slices/websocketSlice.test.ts" name="websocketSlice &gt; resetWebsocket &gt; resets all state to initial values" time="0.000321625">
        </testcase>
    </testsuite>
</testsuites>
